{"/home/travis/build/npmtest/node-npmtest-is-my-json-valid/test.js":{"path":"/home/travis/build/npmtest/node-npmtest-is-my-json-valid/test.js","s":{"1":2,"2":2,"3":2,"4":2,"5":2,"6":2,"7":2,"8":1,"9":2,"10":2,"11":1,"12":1,"13":1,"14":1,"15":2,"16":2,"17":2,"18":2,"19":1,"20":1,"21":2,"22":2,"23":2,"24":1,"25":1,"26":1,"27":1,"28":1,"29":1,"30":1,"31":1,"32":1,"33":1,"34":1,"35":1,"36":1,"37":1,"38":1,"39":2,"40":2,"41":1,"42":2,"43":2,"44":1,"45":2,"46":2,"47":1,"48":2,"49":2,"50":1,"51":1,"52":1,"53":1,"54":1},"b":{"1":[2,1,1,1],"2":[1,1,1,1],"3":[1,1],"4":[1,1],"5":[1,1],"6":[1,1],"7":[1,1],"8":[1,1],"9":[1,1],"10":[1,1,1],"11":[1,1],"12":[1,1],"13":[1,1],"14":[1,1],"15":[1,1],"16":[1,1],"17":[1,1]},"f":{"1":2,"2":2,"3":2,"4":2,"5":2,"6":1,"7":1,"8":1,"9":2,"10":2,"11":2,"12":2,"13":1},"fnMap":{"1":{"name":"(anonymous_1)","line":12,"loc":{"start":{"line":12,"column":1},"end":{"line":12,"column":13}}},"2":{"name":"(anonymous_2)","line":19,"loc":{"start":{"line":19,"column":5},"end":{"line":19,"column":17}}},"3":{"name":"(anonymous_3)","line":23,"loc":{"start":{"line":23,"column":24},"end":{"line":23,"column":36}}},"4":{"name":"(anonymous_4)","line":61,"loc":{"start":{"line":61,"column":5},"end":{"line":61,"column":17}}},"5":{"name":"(anonymous_5)","line":82,"loc":{"start":{"line":82,"column":5},"end":{"line":82,"column":17}}},"6":{"name":"(anonymous_6)","line":91,"loc":{"start":{"line":91,"column":77},"end":{"line":94,"column":10}}},"7":{"name":"(anonymous_7)","line":112,"loc":{"start":{"line":112,"column":83},"end":{"line":115,"column":10}},"skip":true},"8":{"name":"(anonymous_8)","line":123,"loc":{"start":{"line":123,"column":77},"end":{"line":126,"column":10}},"skip":true},"9":{"name":"(anonymous_9)","line":139,"loc":{"start":{"line":139,"column":12},"end":{"line":139,"column":40}},"skip":true},"10":{"name":"(anonymous_10)","line":147,"loc":{"start":{"line":147,"column":77},"end":{"line":150,"column":10}},"skip":true},"11":{"name":"(anonymous_11)","line":158,"loc":{"start":{"line":158,"column":83},"end":{"line":161,"column":10}},"skip":true},"12":{"name":"(anonymous_12)","line":169,"loc":{"start":{"line":169,"column":79},"end":{"line":172,"column":10}},"skip":true},"13":{"name":"(anonymous_13)","line":180,"loc":{"start":{"line":180,"column":75},"end":{"line":183,"column":10}},"skip":true}},"statementMap":{"1":{"start":{"line":12,"column":0},"end":{"line":195,"column":5}},"2":{"start":{"line":14,"column":4},"end":{"line":14,"column":14}},"3":{"start":{"line":19,"column":4},"end":{"line":56,"column":9}},"4":{"start":{"line":21,"column":8},"end":{"line":21,"column":19}},"5":{"start":{"line":23,"column":8},"end":{"line":35,"column":13}},"6":{"start":{"line":24,"column":12},"end":{"line":34,"column":13}},"7":{"start":{"line":25,"column":16},"end":{"line":28,"column":30}},"8":{"start":{"line":30,"column":16},"end":{"line":33,"column":27}},"9":{"start":{"line":37,"column":8},"end":{"line":39,"column":21}},"10":{"start":{"line":40,"column":8},"end":{"line":53,"column":9}},"11":{"start":{"line":43,"column":12},"end":{"line":46,"column":14}},"12":{"start":{"line":47,"column":12},"end":{"line":47,"column":18}},"13":{"start":{"line":50,"column":12},"end":{"line":51,"column":46}},"14":{"start":{"line":52,"column":12},"end":{"line":52,"column":18}},"15":{"start":{"line":55,"column":8},"end":{"line":55,"column":35}},"16":{"start":{"line":61,"column":4},"end":{"line":63,"column":9}},"17":{"start":{"line":62,"column":8},"end":{"line":62,"column":15}},"18":{"start":{"line":64,"column":4},"end":{"line":77,"column":5}},"19":{"start":{"line":70,"column":8},"end":{"line":70,"column":14}},"20":{"start":{"line":76,"column":8},"end":{"line":76,"column":14}},"21":{"start":{"line":82,"column":4},"end":{"line":84,"column":9}},"22":{"start":{"line":83,"column":8},"end":{"line":83,"column":15}},"23":{"start":{"line":85,"column":4},"end":{"line":194,"column":5}},"24":{"start":{"line":91,"column":8},"end":{"line":99,"column":10}},"25":{"start":{"line":98,"column":12},"end":{"line":98,"column":35}},"26":{"start":{"line":102,"column":8},"end":{"line":104,"column":63}},"27":{"start":{"line":105,"column":8},"end":{"line":105,"column":14}},"28":{"start":{"line":112,"column":8},"end":{"line":121,"column":10},"skip":true},"29":{"start":{"line":119,"column":12},"end":{"line":119,"column":55},"skip":true},"30":{"start":{"line":120,"column":12},"end":{"line":120,"column":48},"skip":true},"31":{"start":{"line":123,"column":8},"end":{"line":136,"column":10},"skip":true},"32":{"start":{"line":130,"column":12},"end":{"line":130,"column":76},"skip":true},"33":{"start":{"line":131,"column":12},"end":{"line":131,"column":73},"skip":true},"34":{"start":{"line":132,"column":12},"end":{"line":132,"column":74},"skip":true},"35":{"start":{"line":133,"column":12},"end":{"line":133,"column":79},"skip":true},"36":{"start":{"line":134,"column":12},"end":{"line":134,"column":25},"skip":true},"37":{"start":{"line":135,"column":12},"end":{"line":135,"column":45},"skip":true},"38":{"start":{"line":138,"column":8},"end":{"line":145,"column":14},"skip":true},"39":{"start":{"line":143,"column":16},"end":{"line":143,"column":29},"skip":true},"40":{"start":{"line":144,"column":16},"end":{"line":144,"column":55},"skip":true},"41":{"start":{"line":147,"column":8},"end":{"line":156,"column":10},"skip":true},"42":{"start":{"line":154,"column":12},"end":{"line":154,"column":25},"skip":true},"43":{"start":{"line":155,"column":12},"end":{"line":155,"column":45},"skip":true},"44":{"start":{"line":158,"column":8},"end":{"line":167,"column":10},"skip":true},"45":{"start":{"line":165,"column":12},"end":{"line":165,"column":25},"skip":true},"46":{"start":{"line":166,"column":12},"end":{"line":166,"column":48},"skip":true},"47":{"start":{"line":169,"column":8},"end":{"line":178,"column":10},"skip":true},"48":{"start":{"line":176,"column":12},"end":{"line":176,"column":25},"skip":true},"49":{"start":{"line":177,"column":12},"end":{"line":177,"column":46},"skip":true},"50":{"start":{"line":180,"column":8},"end":{"line":189,"column":10},"skip":true},"51":{"start":{"line":187,"column":12},"end":{"line":187,"column":94},"skip":true},"52":{"start":{"line":188,"column":12},"end":{"line":188,"column":48},"skip":true},"53":{"start":{"line":192,"column":8},"end":{"line":192,"column":35},"skip":true},"54":{"start":{"line":193,"column":8},"end":{"line":193,"column":14},"skip":true}},"branchMap":{"1":{"line":25,"type":"binary-expr","locations":[{"start":{"line":25,"column":23},"end":{"line":25,"column":62}},{"start":{"line":26,"column":20},"end":{"line":26,"column":70}},{"start":{"line":27,"column":20},"end":{"line":27,"column":71}},{"start":{"line":28,"column":20},"end":{"line":28,"column":29}}]},"2":{"line":30,"type":"binary-expr","locations":[{"start":{"line":30,"column":23},"end":{"line":30,"column":37}},{"start":{"line":31,"column":20},"end":{"line":31,"column":61}},{"start":{"line":32,"column":20},"end":{"line":32,"column":70}},{"start":{"line":33,"column":20},"end":{"line":33,"column":26}}]},"3":{"line":37,"type":"cond-expr","locations":[{"start":{"line":38,"column":14},"end":{"line":38,"column":20}},{"start":{"line":39,"column":14},"end":{"line":39,"column":20}}]},"4":{"line":40,"type":"switch","locations":[{"start":{"line":42,"column":8},"end":{"line":47,"column":18}},{"start":{"line":49,"column":8},"end":{"line":52,"column":18}}]},"5":{"line":44,"type":"binary-expr","locations":[{"start":{"line":44,"column":16},"end":{"line":44,"column":44}},{"start":{"line":44,"column":48},"end":{"line":44,"column":66}}]},"6":{"line":50,"type":"binary-expr","locations":[{"start":{"line":50,"column":21},"end":{"line":50,"column":49}},{"start":{"line":50,"column":53},"end":{"line":50,"column":72}}]},"7":{"line":64,"type":"switch","locations":[{"start":{"line":69,"column":4},"end":{"line":70,"column":14}},{"start":{"line":75,"column":4},"end":{"line":76,"column":14}}]},"8":{"line":85,"type":"switch","locations":[{"start":{"line":90,"column":4},"end":{"line":105,"column":14}},{"start":{"line":111,"column":4},"end":{"line":193,"column":14},"skip":true}]},"9":{"line":91,"type":"binary-expr","locations":[{"start":{"line":91,"column":42},"end":{"line":91,"column":73}},{"start":{"line":91,"column":77},"end":{"line":99,"column":9}}]},"10":{"line":102,"type":"binary-expr","locations":[{"start":{"line":102,"column":18},"end":{"line":102,"column":32}},{"start":{"line":103,"column":12},"end":{"line":103,"column":53}},{"start":{"line":104,"column":12},"end":{"line":104,"column":61}}]},"11":{"line":112,"type":"binary-expr","locations":[{"start":{"line":112,"column":45},"end":{"line":112,"column":79},"skip":true},{"start":{"line":112,"column":83},"end":{"line":121,"column":9},"skip":true}]},"12":{"line":123,"type":"binary-expr","locations":[{"start":{"line":123,"column":42},"end":{"line":123,"column":73},"skip":true},{"start":{"line":123,"column":77},"end":{"line":136,"column":9},"skip":true}]},"13":{"line":138,"type":"binary-expr","locations":[{"start":{"line":138,"column":48},"end":{"line":138,"column":85},"skip":true},{"start":{"line":139,"column":12},"end":{"line":145,"column":13},"skip":true}]},"14":{"line":147,"type":"binary-expr","locations":[{"start":{"line":147,"column":42},"end":{"line":147,"column":73},"skip":true},{"start":{"line":147,"column":77},"end":{"line":156,"column":9},"skip":true}]},"15":{"line":158,"type":"binary-expr","locations":[{"start":{"line":158,"column":45},"end":{"line":158,"column":79},"skip":true},{"start":{"line":158,"column":83},"end":{"line":167,"column":9},"skip":true}]},"16":{"line":169,"type":"binary-expr","locations":[{"start":{"line":169,"column":43},"end":{"line":169,"column":75},"skip":true},{"start":{"line":169,"column":79},"end":{"line":178,"column":9},"skip":true}]},"17":{"line":180,"type":"binary-expr","locations":[{"start":{"line":180,"column":41},"end":{"line":180,"column":71},"skip":true},{"start":{"line":180,"column":75},"end":{"line":189,"column":9},"skip":true}]}},"code":["/* istanbul instrument in package npmtest_is_my_json_valid */","/*jslint","    bitwise: true,","    browser: true,","    maxerr: 8,","    maxlen: 96,","    node: true,","    nomen: true,","    regexp: true,","    stupid: true","*/","(function () {","    'use strict';","    var local;","","","","    // run shared js-env code - pre-init","    (function () {","        // init local","        local = {};","        // init modeJs","        local.modeJs = (function () {","            try {","                return typeof navigator.userAgent === 'string' &&","                    typeof document.querySelector('body') === 'object' &&","                    typeof XMLHttpRequest.prototype.open === 'function' &&","                    'browser';","            } catch (errorCaughtBrowser) {","                return module.exports &&","                    typeof process.versions.node === 'string' &&","                    typeof require('http').createServer === 'function' &&","                    'node';","            }","        }());","        // init global","        local.global = local.modeJs === 'browser'","            ? window","            : global;","        switch (local.modeJs) {","        // re-init local from window.local","        case 'browser':","            local = local.global.utility2.objectSetDefault(","                local.global.utility2_rollup || local.global.local,","                local.global.utility2","            );","            break;","        // re-init local from example.js","        case 'node':","            local = (local.global.utility2_rollup || require('utility2'))","                .requireExampleJsFromReadme();","            break;","        }","        // export local","        local.global.local = local;","    }());","","","","    // run shared js-env code - function","    (function () {","        return;","    }());","    switch (local.modeJs) {","","","","    // run browser js-env code - function","    case 'browser':","        break;","","","","    // run node js-env code - function","    case 'node':","        break;","    }","","","","    // run shared js-env code - post-init","    (function () {","        return;","    }());","    switch (local.modeJs) {","","","","    // run browser js-env code - post-init","    case 'browser':","        local.testCase_browser_nullCase = local.testCase_browser_nullCase || function (","            options,","            onError","        ) {","        /*","         * this function will test browsers's null-case handling-behavior-behavior","         */","            onError(null, options);","        };","","        // run tests","        local.nop(local.modeTest &&","            document.querySelector('#testRunButton1') &&","            document.querySelector('#testRunButton1').click());","        break;","","","","    // run node js-env code - post-init","    /* istanbul ignore next */","    case 'node':","        local.testCase_buildApidoc_default = local.testCase_buildApidoc_default || function (","            options,","            onError","        ) {","        /*","         * this function will test buildApidoc's default handling-behavior-behavior","         */","            options = { modulePathList: module.paths };","            local.buildApidoc(options, onError);","        };","","        local.testCase_buildApp_default = local.testCase_buildApp_default || function (","            options,","            onError","        ) {","        /*","         * this function will test buildApp's default handling-behavior-behavior","         */","            local.testCase_buildReadme_default(options, local.onErrorThrow);","            local.testCase_buildLib_default(options, local.onErrorThrow);","            local.testCase_buildTest_default(options, local.onErrorThrow);","            local.testCase_buildCustomOrg_default(options, local.onErrorThrow);","            options = [];","            local.buildApp(options, onError);","        };","","        local.testCase_buildCustomOrg_default = local.testCase_buildCustomOrg_default ||","            function (options, onError) {","            /*","             * this function will test buildCustomOrg's default handling-behavior","             */","                options = {};","                local.buildCustomOrg(options, onError);","            };","","        local.testCase_buildLib_default = local.testCase_buildLib_default || function (","            options,","            onError","        ) {","        /*","         * this function will test buildLib's default handling-behavior","         */","            options = {};","            local.buildLib(options, onError);","        };","","        local.testCase_buildReadme_default = local.testCase_buildReadme_default || function (","            options,","            onError","        ) {","        /*","         * this function will test buildReadme's default handling-behavior-behavior","         */","            options = {};","            local.buildReadme(options, onError);","        };","","        local.testCase_buildTest_default = local.testCase_buildTest_default || function (","            options,","            onError","        ) {","        /*","         * this function will test buildTest's default handling-behavior","         */","            options = {};","            local.buildTest(options, onError);","        };","","        local.testCase_webpage_default = local.testCase_webpage_default || function (","            options,","            onError","        ) {","        /*","         * this function will test webpage's default handling-behavior","         */","            options = { modeCoverageMerge: true, url: local.serverLocalHost + '?modeTest=1' };","            local.browserTest(options, onError);","        };","","        // run test-server","        local.testRunServer(local);","        break;","    }","}());",""],"l":{"12":2,"14":2,"19":2,"21":2,"23":2,"24":2,"25":2,"30":1,"37":2,"40":2,"43":1,"47":1,"50":1,"52":1,"55":2,"61":2,"62":2,"64":2,"70":1,"76":1,"82":2,"83":2,"85":2,"91":1,"98":1,"102":1,"105":1,"112":1,"119":1,"120":1,"123":1,"130":1,"131":1,"132":1,"133":1,"134":1,"135":1,"138":1,"143":2,"144":2,"147":1,"154":2,"155":2,"158":1,"165":2,"166":2,"169":1,"176":2,"177":2,"180":1,"187":1,"188":1,"192":1,"193":1}},"/home/travis/build/npmtest/node-npmtest-is-my-json-valid/lib.npmtest_is_my_json_valid.js":{"path":"/home/travis/build/npmtest/node-npmtest-is-my-json-valid/lib.npmtest_is_my_json_valid.js","s":{"1":2,"2":2,"3":2,"4":2,"5":2,"6":2,"7":2,"8":1,"9":2,"10":2,"11":2,"12":2,"13":1,"14":1,"15":1,"16":1},"b":{"1":[2,1,1,1],"2":[1,1,1,1],"3":[1,1],"4":[2,2],"5":[1,1]},"f":{"1":2,"2":2,"3":2},"fnMap":{"1":{"name":"(anonymous_1)","line":12,"loc":{"start":{"line":12,"column":1},"end":{"line":12,"column":13}}},"2":{"name":"(anonymous_2)","line":19,"loc":{"start":{"line":19,"column":5},"end":{"line":19,"column":17}}},"3":{"name":"(anonymous_3)","line":23,"loc":{"start":{"line":23,"column":24},"end":{"line":23,"column":36}}}},"statementMap":{"1":{"start":{"line":12,"column":0},"end":{"line":53,"column":5}},"2":{"start":{"line":14,"column":4},"end":{"line":14,"column":14}},"3":{"start":{"line":19,"column":4},"end":{"line":52,"column":9}},"4":{"start":{"line":21,"column":8},"end":{"line":21,"column":19}},"5":{"start":{"line":23,"column":8},"end":{"line":35,"column":13}},"6":{"start":{"line":24,"column":12},"end":{"line":34,"column":13}},"7":{"start":{"line":25,"column":16},"end":{"line":28,"column":30}},"8":{"start":{"line":30,"column":16},"end":{"line":33,"column":27}},"9":{"start":{"line":37,"column":8},"end":{"line":39,"column":21}},"10":{"start":{"line":41,"column":8},"end":{"line":41,"column":54}},"11":{"start":{"line":43,"column":8},"end":{"line":43,"column":61}},"12":{"start":{"line":45,"column":8},"end":{"line":51,"column":9}},"13":{"start":{"line":46,"column":12},"end":{"line":46,"column":67}},"14":{"start":{"line":48,"column":12},"end":{"line":48,"column":35}},"15":{"start":{"line":49,"column":12},"end":{"line":49,"column":49}},"16":{"start":{"line":50,"column":12},"end":{"line":50,"column":43}}},"branchMap":{"1":{"line":25,"type":"binary-expr","locations":[{"start":{"line":25,"column":23},"end":{"line":25,"column":62}},{"start":{"line":26,"column":20},"end":{"line":26,"column":70}},{"start":{"line":27,"column":20},"end":{"line":27,"column":71}},{"start":{"line":28,"column":20},"end":{"line":28,"column":29}}]},"2":{"line":30,"type":"binary-expr","locations":[{"start":{"line":30,"column":23},"end":{"line":30,"column":37}},{"start":{"line":31,"column":20},"end":{"line":31,"column":61}},{"start":{"line":32,"column":20},"end":{"line":32,"column":70}},{"start":{"line":33,"column":20},"end":{"line":33,"column":26}}]},"3":{"line":37,"type":"cond-expr","locations":[{"start":{"line":38,"column":14},"end":{"line":38,"column":20}},{"start":{"line":39,"column":14},"end":{"line":39,"column":20}}]},"4":{"line":41,"type":"binary-expr","locations":[{"start":{"line":41,"column":16},"end":{"line":41,"column":44}},{"start":{"line":41,"column":48},"end":{"line":41,"column":53}}]},"5":{"line":45,"type":"if","locations":[{"start":{"line":45,"column":8},"end":{"line":45,"column":8}},{"start":{"line":45,"column":8},"end":{"line":45,"column":8}}]}},"code":["/* istanbul instrument in package npmtest_is_my_json_valid */","/*jslint","    bitwise: true,","    browser: true,","    maxerr: 8,","    maxlen: 96,","    node: true,","    nomen: true,","    regexp: true,","    stupid: true","*/","(function () {","    'use strict';","    var local;","","","","    // run shared js-env code - pre-init","    (function () {","        // init local","        local = {};","        // init modeJs","        local.modeJs = (function () {","            try {","                return typeof navigator.userAgent === 'string' &&","                    typeof document.querySelector('body') === 'object' &&","                    typeof XMLHttpRequest.prototype.open === 'function' &&","                    'browser';","            } catch (errorCaughtBrowser) {","                return module.exports &&","                    typeof process.versions.node === 'string' &&","                    typeof require('http').createServer === 'function' &&","                    'node';","            }","        }());","        // init global","        local.global = local.modeJs === 'browser'","            ? window","            : global;","        // init utility2_rollup","        local = local.global.utility2_rollup || local;","        // init lib","        local.local = local.npmtest_is_my_json_valid = local;","        // init exports","        if (local.modeJs === 'browser') {","            local.global.utility2_npmtest_is_my_json_valid = local;","        } else {","            module.exports = local;","            module.exports.__dirname = __dirname;","            module.exports.module = module;","        }","    }());","}());",""],"l":{"12":2,"14":2,"19":2,"21":2,"23":2,"24":2,"25":2,"30":1,"37":2,"41":2,"43":2,"45":2,"46":1,"48":1,"49":1,"50":1}},"/home/travis/build/npmtest/node-npmtest-is-my-json-valid/example.js":{"path":"/home/travis/build/npmtest/node-npmtest-is-my-json-valid/example.js","s":{"1":2,"2":2,"3":2,"4":2,"5":2,"6":2,"7":2,"8":1,"9":2,"10":2,"11":2,"12":2,"13":1,"14":2,"15":2,"16":2,"17":2,"18":2,"19":0,"20":2,"21":1,"22":1,"23":1,"24":1,"25":1,"26":0,"27":0,"28":1,"29":1,"30":2,"31":0,"32":0,"33":0,"34":1,"35":2,"36":2,"37":3,"38":3,"39":3,"40":3,"41":0,"42":3,"43":3,"44":3,"45":1,"46":3,"47":1,"48":1,"49":1,"50":1,"51":1,"52":1,"53":1,"54":1,"55":1,"56":1,"57":0,"58":1,"59":6,"60":6,"61":1,"62":2,"63":0,"64":2,"65":1,"66":1,"67":0,"68":0,"69":0,"70":0,"71":0,"72":0,"73":0,"74":0,"75":0,"76":0,"77":0,"78":0,"79":0,"80":0,"81":0,"82":0,"83":0},"b":{"1":[2,1,1,1],"2":[1,1,1,1],"3":[1,1],"4":[2,2],"5":[1,1],"6":[1,1],"7":[2,0],"8":[2,1,1,1,1,1],"9":[0,2,0],"10":[1,1],"11":[2,1,1],"12":[1,0],"13":[0,2],"14":[2,0,0,0,0,0,0],"15":[0,3],"16":[3,0],"17":[1,1],"18":[0,1],"19":[1,2,0,2],"20":[1,0],"21":[1,1],"22":[0,0],"23":[0,0],"24":[0,0],"25":[0,0],"26":[0,0],"27":[0,0],"28":[0,0]},"f":{"1":2,"2":2,"3":2,"4":2,"5":2,"6":2,"7":3,"8":3,"9":3,"10":1,"11":6,"12":0},"fnMap":{"1":{"name":"(anonymous_1)","line":26,"loc":{"start":{"line":26,"column":1},"end":{"line":26,"column":13}}},"2":{"name":"(anonymous_2)","line":33,"loc":{"start":{"line":33,"column":5},"end":{"line":33,"column":17}}},"3":{"name":"(anonymous_3)","line":37,"loc":{"start":{"line":37,"column":24},"end":{"line":37,"column":36}}},"4":{"name":"(anonymous_4)","line":69,"loc":{"start":{"line":69,"column":31},"end":{"line":69,"column":48}},"skip":true},"5":{"name":"(anonymous_5)","line":78,"loc":{"start":{"line":78,"column":26},"end":{"line":78,"column":45}},"skip":true},"6":{"name":"(anonymous_6)","line":123,"loc":{"start":{"line":123,"column":33},"end":{"line":123,"column":48}},"skip":true},"7":{"name":"(anonymous_7)","line":125,"loc":{"start":{"line":125,"column":27},"end":{"line":125,"column":39}},"skip":true},"8":{"name":"(anonymous_8)","line":133,"loc":{"start":{"line":133,"column":59},"end":{"line":133,"column":74}},"skip":true},"9":{"name":"(anonymous_9)","line":143,"loc":{"start":{"line":143,"column":45},"end":{"line":143,"column":62}},"skip":true},"10":{"name":"(anonymous_10)","line":144,"loc":{"start":{"line":144,"column":73},"end":{"line":144,"column":92}},"skip":true},"11":{"name":"(anonymous_11)","line":272,"loc":{"start":{"line":272,"column":51},"end":{"line":272,"column":77}},"skip":true},"12":{"name":"(anonymous_12)","line":315,"loc":{"start":{"line":315,"column":32},"end":{"line":315,"column":61}},"skip":true}},"statementMap":{"1":{"start":{"line":26,"column":0},"end":{"line":326,"column":5}},"2":{"start":{"line":28,"column":4},"end":{"line":28,"column":14}},"3":{"start":{"line":33,"column":4},"end":{"line":60,"column":9}},"4":{"start":{"line":35,"column":8},"end":{"line":35,"column":19}},"5":{"start":{"line":37,"column":8},"end":{"line":49,"column":13}},"6":{"start":{"line":38,"column":12},"end":{"line":48,"column":13}},"7":{"start":{"line":39,"column":16},"end":{"line":42,"column":30}},"8":{"start":{"line":44,"column":16},"end":{"line":47,"column":27}},"9":{"start":{"line":51,"column":8},"end":{"line":53,"column":21}},"10":{"start":{"line":55,"column":8},"end":{"line":57,"column":45}},"11":{"start":{"line":59,"column":8},"end":{"line":59,"column":35}},"12":{"start":{"line":61,"column":4},"end":{"line":325,"column":5}},"13":{"start":{"line":69,"column":8},"end":{"line":121,"column":10},"skip":true},"14":{"start":{"line":70,"column":12},"end":{"line":88,"column":13},"skip":true},"15":{"start":{"line":76,"column":16},"end":{"line":87,"column":19},"skip":true},"16":{"start":{"line":79,"column":20},"end":{"line":86,"column":21},"skip":true},"17":{"start":{"line":82,"column":24},"end":{"line":82,"column":43},"skip":true},"18":{"start":{"line":83,"column":24},"end":{"line":83,"column":30},"skip":true},"19":{"start":{"line":85,"column":24},"end":{"line":85,"column":49},"skip":true},"20":{"start":{"line":89,"column":12},"end":{"line":107,"column":13},"skip":true},"21":{"start":{"line":92,"column":16},"end":{"line":102,"column":17},"skip":true},"22":{"start":{"line":93,"column":20},"end":{"line":93,"column":86},"skip":true},"23":{"start":{"line":94,"column":20},"end":{"line":95,"column":45},"skip":true},"24":{"start":{"line":96,"column":20},"end":{"line":96,"column":42},"skip":true},"25":{"start":{"line":97,"column":20},"end":{"line":97,"column":48},"skip":true},"26":{"start":{"line":100,"column":20},"end":{"line":100,"column":85},"skip":true},"27":{"start":{"line":101,"column":20},"end":{"line":101,"column":96},"skip":true},"28":{"start":{"line":103,"column":16},"end":{"line":103,"column":22},"skip":true},"29":{"start":{"line":106,"column":16},"end":{"line":106,"column":22},"skip":true},"30":{"start":{"line":108,"column":12},"end":{"line":120,"column":13},"skip":true},"31":{"start":{"line":114,"column":16},"end":{"line":119,"column":17},"skip":true},"32":{"start":{"line":116,"column":20},"end":{"line":116,"column":78},"skip":true},"33":{"start":{"line":118,"column":20},"end":{"line":118,"column":47},"skip":true},"34":{"start":{"line":123,"column":8},"end":{"line":141,"column":11},"skip":true},"35":{"start":{"line":124,"column":12},"end":{"line":124,"column":54},"skip":true},"36":{"start":{"line":125,"column":12},"end":{"line":140,"column":14},"skip":true},"37":{"start":{"line":126,"column":16},"end":{"line":126,"column":28},"skip":true},"38":{"start":{"line":127,"column":16},"end":{"line":127,"column":69},"skip":true},"39":{"start":{"line":128,"column":16},"end":{"line":128,"column":75},"skip":true},"40":{"start":{"line":129,"column":16},"end":{"line":131,"column":17},"skip":true},"41":{"start":{"line":130,"column":20},"end":{"line":130,"column":27},"skip":true},"42":{"start":{"line":133,"column":16},"end":{"line":137,"column":36},"skip":true},"43":{"start":{"line":134,"column":20},"end":{"line":136,"column":55},"skip":true},"44":{"start":{"line":139,"column":16},"end":{"line":139,"column":57},"skip":true},"45":{"start":{"line":143,"column":8},"end":{"line":147,"column":11},"skip":true},"46":{"start":{"line":144,"column":12},"end":{"line":146,"column":15},"skip":true},"47":{"start":{"line":145,"column":16},"end":{"line":145,"column":70},"skip":true},"48":{"start":{"line":149,"column":8},"end":{"line":149,"column":31},"skip":true},"49":{"start":{"line":150,"column":8},"end":{"line":150,"column":14},"skip":true},"50":{"start":{"line":158,"column":8},"end":{"line":158,"column":31},"skip":true},"51":{"start":{"line":160,"column":8},"end":{"line":160,"column":33},"skip":true},"52":{"start":{"line":161,"column":8},"end":{"line":161,"column":37},"skip":true},"53":{"start":{"line":162,"column":8},"end":{"line":162,"column":35},"skip":true},"54":{"start":{"line":164,"column":8},"end":{"line":164,"column":50},"skip":true},"55":{"start":{"line":166,"column":8},"end":{"line":256,"column":2},"skip":true},"56":{"start":{"line":258,"column":8},"end":{"line":286,"column":9},"skip":true},"57":{"start":{"line":259,"column":12},"end":{"line":269,"column":14},"skip":true},"58":{"start":{"line":271,"column":12},"end":{"line":285,"column":19},"skip":true},"59":{"start":{"line":274,"column":20},"end":{"line":274,"column":35},"skip":true},"60":{"start":{"line":275,"column":20},"end":{"line":284,"column":21},"skip":true},"61":{"start":{"line":277,"column":24},"end":{"line":277,"column":64},"skip":true},"62":{"start":{"line":279,"column":24},"end":{"line":279,"column":40},"skip":true},"63":{"start":{"line":281,"column":24},"end":{"line":281,"column":40},"skip":true},"64":{"start":{"line":283,"column":24},"end":{"line":283,"column":39},"skip":true},"65":{"start":{"line":288,"column":8},"end":{"line":290,"column":9},"skip":true},"66":{"start":{"line":289,"column":12},"end":{"line":289,"column":18},"skip":true},"67":{"start":{"line":291,"column":8},"end":{"line":293,"column":54},"skip":true},"68":{"start":{"line":296,"column":8},"end":{"line":301,"column":37},"skip":true},"69":{"start":{"line":303,"column":8},"end":{"line":303,"column":82},"skip":true},"70":{"start":{"line":306,"column":8},"end":{"line":308,"column":9},"skip":true},"71":{"start":{"line":307,"column":12},"end":{"line":307,"column":82},"skip":true},"72":{"start":{"line":310,"column":8},"end":{"line":312,"column":9},"skip":true},"73":{"start":{"line":311,"column":12},"end":{"line":311,"column":18},"skip":true},"74":{"start":{"line":313,"column":8},"end":{"line":313,"column":54},"skip":true},"75":{"start":{"line":314,"column":8},"end":{"line":314,"column":69},"skip":true},"76":{"start":{"line":315,"column":8},"end":{"line":323,"column":36},"skip":true},"77":{"start":{"line":316,"column":12},"end":{"line":316,"column":61},"skip":true},"78":{"start":{"line":317,"column":12},"end":{"line":320,"column":13},"skip":true},"79":{"start":{"line":318,"column":16},"end":{"line":318,"column":75},"skip":true},"80":{"start":{"line":319,"column":16},"end":{"line":319,"column":23},"skip":true},"81":{"start":{"line":321,"column":12},"end":{"line":321,"column":38},"skip":true},"82":{"start":{"line":322,"column":12},"end":{"line":322,"column":27},"skip":true},"83":{"start":{"line":324,"column":8},"end":{"line":324,"column":14},"skip":true}},"branchMap":{"1":{"line":39,"type":"binary-expr","locations":[{"start":{"line":39,"column":23},"end":{"line":39,"column":62}},{"start":{"line":40,"column":20},"end":{"line":40,"column":70}},{"start":{"line":41,"column":20},"end":{"line":41,"column":71}},{"start":{"line":42,"column":20},"end":{"line":42,"column":29}}]},"2":{"line":44,"type":"binary-expr","locations":[{"start":{"line":44,"column":23},"end":{"line":44,"column":37}},{"start":{"line":45,"column":20},"end":{"line":45,"column":61}},{"start":{"line":46,"column":20},"end":{"line":46,"column":70}},{"start":{"line":47,"column":20},"end":{"line":47,"column":26}}]},"3":{"line":51,"type":"cond-expr","locations":[{"start":{"line":52,"column":14},"end":{"line":52,"column":20}},{"start":{"line":53,"column":14},"end":{"line":53,"column":20}}]},"4":{"line":55,"type":"binary-expr","locations":[{"start":{"line":55,"column":16},"end":{"line":55,"column":44}},{"start":{"line":55,"column":49},"end":{"line":57,"column":43}}]},"5":{"line":55,"type":"cond-expr","locations":[{"start":{"line":56,"column":14},"end":{"line":56,"column":60}},{"start":{"line":57,"column":14},"end":{"line":57,"column":43}}]},"6":{"line":61,"type":"switch","locations":[{"start":{"line":68,"column":4},"end":{"line":150,"column":14},"skip":true},{"start":{"line":156,"column":4},"end":{"line":324,"column":14},"skip":true}]},"7":{"line":70,"type":"if","locations":[{"start":{"line":70,"column":12},"end":{"line":70,"column":12},"skip":true},{"start":{"line":70,"column":12},"end":{"line":70,"column":12},"skip":true}]},"8":{"line":70,"type":"binary-expr","locations":[{"start":{"line":70,"column":16},"end":{"line":70,"column":22},"skip":true},{"start":{"line":70,"column":27},"end":{"line":70,"column":32},"skip":true},{"start":{"line":71,"column":20},"end":{"line":71,"column":39},"skip":true},{"start":{"line":72,"column":20},"end":{"line":72,"column":49},"skip":true},{"start":{"line":73,"column":20},"end":{"line":73,"column":58},"skip":true},{"start":{"line":74,"column":20},"end":{"line":74,"column":69},"skip":true}]},"9":{"line":79,"type":"switch","locations":[{"start":{"line":80,"column":20},"end":{"line":80,"column":33},"skip":true},{"start":{"line":81,"column":20},"end":{"line":83,"column":30},"skip":true},{"start":{"line":84,"column":20},"end":{"line":85,"column":49},"skip":true}]},"10":{"line":89,"type":"switch","locations":[{"start":{"line":90,"column":12},"end":{"line":103,"column":22},"skip":true},{"start":{"line":105,"column":12},"end":{"line":106,"column":22},"skip":true}]},"11":{"line":89,"type":"binary-expr","locations":[{"start":{"line":89,"column":20},"end":{"line":89,"column":25},"skip":true},{"start":{"line":89,"column":29},"end":{"line":89,"column":48},"skip":true},{"start":{"line":89,"column":52},"end":{"line":89,"column":74},"skip":true}]},"12":{"line":92,"type":"if","locations":[{"start":{"line":92,"column":16},"end":{"line":92,"column":16},"skip":true},{"start":{"line":92,"column":16},"end":{"line":92,"column":16},"skip":true}]},"13":{"line":108,"type":"if","locations":[{"start":{"line":108,"column":12},"end":{"line":108,"column":12},"skip":true},{"start":{"line":108,"column":12},"end":{"line":108,"column":12},"skip":true}]},"14":{"line":108,"type":"binary-expr","locations":[{"start":{"line":108,"column":16},"end":{"line":108,"column":61},"skip":true},{"start":{"line":108,"column":66},"end":{"line":108,"column":72},"skip":true},{"start":{"line":108,"column":77},"end":{"line":108,"column":82},"skip":true},{"start":{"line":109,"column":20},"end":{"line":109,"column":39},"skip":true},{"start":{"line":110,"column":20},"end":{"line":110,"column":49},"skip":true},{"start":{"line":111,"column":20},"end":{"line":111,"column":58},"skip":true},{"start":{"line":112,"column":20},"end":{"line":112,"column":68},"skip":true}]},"15":{"line":129,"type":"if","locations":[{"start":{"line":129,"column":16},"end":{"line":129,"column":16},"skip":true},{"start":{"line":129,"column":16},"end":{"line":129,"column":16},"skip":true}]},"16":{"line":134,"type":"cond-expr","locations":[{"start":{"line":135,"column":26},"end":{"line":135,"column":29},"skip":true},{"start":{"line":136,"column":26},"end":{"line":136,"column":54},"skip":true}]},"17":{"line":164,"type":"binary-expr","locations":[{"start":{"line":164,"column":27},"end":{"line":164,"column":43},"skip":true},{"start":{"line":164,"column":47},"end":{"line":164,"column":49},"skip":true}]},"18":{"line":258,"type":"if","locations":[{"start":{"line":258,"column":8},"end":{"line":258,"column":8},"skip":true},{"start":{"line":258,"column":8},"end":{"line":258,"column":8},"skip":true}]},"19":{"line":275,"type":"switch","locations":[{"start":{"line":276,"column":20},"end":{"line":277,"column":64},"skip":true},{"start":{"line":278,"column":20},"end":{"line":279,"column":40},"skip":true},{"start":{"line":280,"column":20},"end":{"line":281,"column":40},"skip":true},{"start":{"line":282,"column":20},"end":{"line":283,"column":39},"skip":true}]},"20":{"line":288,"type":"if","locations":[{"start":{"line":288,"column":8},"end":{"line":288,"column":8},"skip":true},{"start":{"line":288,"column":8},"end":{"line":288,"column":8},"skip":true}]},"21":{"line":288,"type":"binary-expr","locations":[{"start":{"line":288,"column":12},"end":{"line":288,"column":40},"skip":true},{"start":{"line":288,"column":44},"end":{"line":288,"column":67},"skip":true}]},"22":{"line":292,"type":"binary-expr","locations":[{"start":{"line":292,"column":12},"end":{"line":292,"column":50},"skip":true},{"start":{"line":293,"column":12},"end":{"line":293,"column":53},"skip":true}]},"23":{"line":297,"type":"binary-expr","locations":[{"start":{"line":297,"column":12},"end":{"line":297,"column":74},"skip":true},{"start":{"line":298,"column":12},"end":{"line":301,"column":36},"skip":true}]},"24":{"line":303,"type":"binary-expr","locations":[{"start":{"line":303,"column":43},"end":{"line":303,"column":75},"skip":true},{"start":{"line":303,"column":79},"end":{"line":303,"column":81},"skip":true}]},"25":{"line":306,"type":"if","locations":[{"start":{"line":306,"column":8},"end":{"line":306,"column":8},"skip":true},{"start":{"line":306,"column":8},"end":{"line":306,"column":8},"skip":true}]},"26":{"line":310,"type":"if","locations":[{"start":{"line":310,"column":8},"end":{"line":310,"column":8},"skip":true},{"start":{"line":310,"column":8},"end":{"line":310,"column":8},"skip":true}]},"27":{"line":313,"type":"binary-expr","locations":[{"start":{"line":313,"column":27},"end":{"line":313,"column":43},"skip":true},{"start":{"line":313,"column":47},"end":{"line":313,"column":53},"skip":true}]},"28":{"line":317,"type":"if","locations":[{"start":{"line":317,"column":12},"end":{"line":317,"column":12},"skip":true},{"start":{"line":317,"column":12},"end":{"line":317,"column":12},"skip":true}]}},"code":["/*","example.js","","quickstart example","","instruction","    1. save this script as example.js","    2. run the shell command:","        $ npm install npmtest-is-my-json-valid && PORT=8081 node example.js","    3. play with the browser-demo on http://127.0.0.1:8081","*/","","","","/* istanbul instrument in package npmtest_is_my_json_valid */","/*jslint","    bitwise: true,","    browser: true,","    maxerr: 8,","    maxlen: 96,","    node: true,","    nomen: true,","    regexp: true,","    stupid: true","*/","(function () {","    'use strict';","    var local;","","","","    // run shared js-env code - pre-init","    (function () {","        // init local","        local = {};","        // init modeJs","        local.modeJs = (function () {","            try {","                return typeof navigator.userAgent === 'string' &&","                    typeof document.querySelector('body') === 'object' &&","                    typeof XMLHttpRequest.prototype.open === 'function' &&","                    'browser';","            } catch (errorCaughtBrowser) {","                return module.exports &&","                    typeof process.versions.node === 'string' &&","                    typeof require('http').createServer === 'function' &&","                    'node';","            }","        }());","        // init global","        local.global = local.modeJs === 'browser'","            ? window","            : global;","        // init utility2_rollup","        local = local.global.utility2_rollup || (local.modeJs === 'browser'","            ? local.global.utility2_npmtest_is_my_json_valid","            : global.utility2_moduleExports);","        // export local","        local.global.local = local;","    }());","    switch (local.modeJs) {","","","","    // post-init","    // run browser js-env code - post-init","    /* istanbul ignore next */","    case 'browser':","        local.testRunBrowser = function (event) {","            if (!event || (event &&","                    event.currentTarget &&","                    event.currentTarget.className &&","                    event.currentTarget.className.includes &&","                    event.currentTarget.className.includes('onreset'))) {","                // reset output","                Array.from(","                    document.querySelectorAll('body > .resettable')","                ).forEach(function (element) {","                    switch (element.tagName) {","                    case 'INPUT':","                    case 'TEXTAREA':","                        element.value = '';","                        break;","                    default:","                        element.textContent = '';","                    }","                });","            }","            switch (event && event.currentTarget && event.currentTarget.id) {","            case 'testRunButton1':","                // show tests","                if (document.querySelector('#testReportDiv1').style.display === 'none') {","                    document.querySelector('#testReportDiv1').style.display = 'block';","                    document.querySelector('#testRunButton1').textContent =","                        'hide internal test';","                    local.modeTest = true;","                    local.testRunDefault(local);","                // hide tests","                } else {","                    document.querySelector('#testReportDiv1').style.display = 'none';","                    document.querySelector('#testRunButton1').textContent = 'run internal test';","                }","                break;","            // custom-case","            default:","                break;","            }","            if (document.querySelector('#inputTextareaEval1') && (!event || (event &&","                    event.currentTarget &&","                    event.currentTarget.className &&","                    event.currentTarget.className.includes &&","                    event.currentTarget.className.includes('oneval')))) {","                // try to eval input-code","                try {","                    /*jslint evil: true*/","                    eval(document.querySelector('#inputTextareaEval1').value);","                } catch (errorCaught) {","                    console.error(errorCaught);","                }","            }","        };","        // log stderr and stdout to #outputTextareaStdout1","        ['error', 'log'].forEach(function (key) {","            console[key + '_original'] = console[key];","            console[key] = function () {","                var element;","                console[key + '_original'].apply(console, arguments);","                element = document.querySelector('#outputTextareaStdout1');","                if (!element) {","                    return;","                }","                // append text to #outputTextareaStdout1","                element.value += Array.from(arguments).map(function (arg) {","                    return typeof arg === 'string'","                        ? arg","                        : JSON.stringify(arg, null, 4);","                }).join(' ') + '\\n';","                // scroll textarea to bottom","                element.scrollTop = element.scrollHeight;","            };","        });","        // init event-handling","        ['change', 'click', 'keyup'].forEach(function (event) {","            Array.from(document.querySelectorAll('.on' + event)).forEach(function (element) {","                element.addEventListener(event, local.testRunBrowser);","            });","        });","        // run tests","        local.testRunBrowser();","        break;","","","","    // run node js-env code - post-init","    /* istanbul ignore next */","    case 'node':","        // export local","        module.exports = local;","        // require modules","        local.fs = require('fs');","        local.http = require('http');","        local.url = require('url');","        // init assets","        local.assetsDict = local.assetsDict || {};","        /* jslint-ignore-begin */","        local.assetsDict['/assets.index.template.html'] = '\\","<!doctype html>\\n\\","<html lang=\"en\">\\n\\","<head>\\n\\","<meta charset=\"UTF-8\">\\n\\","<meta name=\"viewport\" content=\"width=device-width, initial-scale=1\">\\n\\","<title>{{env.npm_package_name}} (v{{env.npm_package_version}})</title>\\n\\","<style>\\n\\","/*csslint\\n\\","    box-sizing: false,\\n\\","    universal-selector: false\\n\\","*/\\n\\","* {\\n\\","    box-sizing: border-box;\\n\\","}\\n\\","body {\\n\\","    background: #dde;\\n\\","    font-family: Arial, Helvetica, sans-serif;\\n\\","    margin: 2rem;\\n\\","}\\n\\","body > * {\\n\\","    margin-bottom: 1rem;\\n\\","}\\n\\",".utility2FooterDiv {\\n\\","    margin-top: 20px;\\n\\","    text-align: center;\\n\\","}\\n\\","</style>\\n\\","<style>\\n\\","/*csslint\\n\\","*/\\n\\","textarea {\\n\\","    font-family: monospace;\\n\\","    height: 10rem;\\n\\","    width: 100%;\\n\\","}\\n\\","textarea[readonly] {\\n\\","    background: #ddd;\\n\\","}\\n\\","</style>\\n\\","</head>\\n\\","<body>\\n\\","<!-- utility2-comment\\n\\","<div id=\"ajaxProgressDiv1\" style=\"background: #d00; height: 2px; left: 0; margin: 0; padding: 0; position: fixed; top: 0; transition: background 0.5s, width 1.5s; width: 25%;\"></div>\\n\\","utility2-comment -->\\n\\","<h1>\\n\\","<!-- utility2-comment\\n\\","    <a\\n\\","        {{#if env.npm_package_homepage}}\\n\\","        href=\"{{env.npm_package_homepage}}\"\\n\\","        {{/if env.npm_package_homepage}}\\n\\","        target=\"_blank\"\\n\\","    >\\n\\","utility2-comment -->\\n\\","        {{env.npm_package_name}} (v{{env.npm_package_version}})\\n\\","<!-- utility2-comment\\n\\","    </a>\\n\\","utility2-comment -->\\n\\","</h1>\\n\\","<h3>{{env.npm_package_description}}</h3>\\n\\","<!-- utility2-comment\\n\\","<h4><a download href=\"assets.app.js\">download standalone app</a></h4>\\n\\","<button class=\"onclick onreset\" id=\"testRunButton1\">run internal test</button><br>\\n\\","<div id=\"testReportDiv1\" style=\"display: none;\"></div>\\n\\","utility2-comment -->\\n\\","\\n\\","\\n\\","\\n\\","<label>stderr and stdout</label>\\n\\","<textarea class=\"resettable\" id=\"outputTextareaStdout1\" readonly></textarea>\\n\\","<!-- utility2-comment\\n\\","{{#if isRollup}}\\n\\","<script src=\"assets.app.js\"></script>\\n\\","{{#unless isRollup}}\\n\\","utility2-comment -->\\n\\","<script src=\"assets.utility2.rollup.js\"></script>\\n\\","<script src=\"jsonp.utility2._stateInit?callback=window.utility2._stateInit\"></script>\\n\\","<script src=\"assets.npmtest_is_my_json_valid.rollup.js\"></script>\\n\\","<script src=\"assets.example.js\"></script>\\n\\","<script src=\"assets.test.js\"></script>\\n\\","<!-- utility2-comment\\n\\","{{/if isRollup}}\\n\\","utility2-comment -->\\n\\","<div class=\"utility2FooterDiv\">\\n\\","    [ this app was created with\\n\\","    <a href=\"https://github.com/kaizhu256/node-utility2\" target=\"_blank\">utility2</a>\\n\\","    ]\\n\\","</div>\\n\\","</body>\\n\\","</html>\\n\\","';","        /* jslint-ignore-end */","        if (local.templateRender) {","            local.assetsDict['/'] = local.templateRender(","                local.assetsDict['/assets.index.template.html'],","                {","                    env: local.objectSetDefault(local.env, {","                        npm_package_description: 'the greatest app in the world!',","                        npm_package_name: 'my-app',","                        npm_package_nameAlias: 'my_app',","                        npm_package_version: '0.0.1'","                    })","                }","            );","        } else {","            local.assetsDict['/'] = local.assetsDict['/assets.index.template.html']","                .replace((/\\{\\{env\\.(\\w+?)\\}\\}/g), function (match0, match1) {","                    // jslint-hack","                    String(match0);","                    switch (match1) {","                    case 'npm_package_description':","                        return 'the greatest app in the world!';","                    case 'npm_package_name':","                        return 'my-app';","                    case 'npm_package_nameAlias':","                        return 'my_app';","                    case 'npm_package_version':","                        return '0.0.1';","                    }","                });","        }","        // run the cli","        if (local.global.utility2_rollup || module !== require.main) {","            break;","        }","        local.assetsDict['/assets.example.js'] =","            local.assetsDict['/assets.example.js'] ||","            local.fs.readFileSync(__filename, 'utf8');","        // bug-workaround - long $npm_package_buildCustomOrg","        /* jslint-ignore-begin */","        local.assetsDict['/assets.npmtest_is_my_json_valid.rollup.js'] =","            local.assetsDict['/assets.npmtest_is_my_json_valid.rollup.js'] ||","            local.fs.readFileSync(","                local.npmtest_is_my_json_valid.__dirname + '/lib.npmtest_is_my_json_valid.js',","                'utf8'","            ).replace((/^#!/), '//');","        /* jslint-ignore-end */","        local.assetsDict['/favicon.ico'] = local.assetsDict['/favicon.ico'] || '';","        // if $npm_config_timeout_exit exists,","        // then exit this process after $npm_config_timeout_exit ms","        if (Number(process.env.npm_config_timeout_exit)) {","            setTimeout(process.exit, Number(process.env.npm_config_timeout_exit));","        }","        // start server","        if (local.global.utility2_serverHttp1) {","            break;","        }","        process.env.PORT = process.env.PORT || '8081';","        console.error('server starting on port ' + process.env.PORT);","        local.http.createServer(function (request, response) {","            request.urlParsed = local.url.parse(request.url);","            if (local.assetsDict[request.urlParsed.pathname] !== undefined) {","                response.end(local.assetsDict[request.urlParsed.pathname]);","                return;","            }","            response.statusCode = 404;","            response.end();","        }).listen(process.env.PORT);","        break;","    }","}());",""],"l":{"26":2,"28":2,"33":2,"35":2,"37":2,"38":2,"39":2,"44":1,"51":2,"55":2,"59":2,"61":2,"69":1,"70":2,"76":2,"79":2,"82":2,"83":2,"85":1,"89":2,"92":1,"93":1,"94":1,"96":1,"97":1,"100":1,"101":1,"103":1,"106":1,"108":2,"114":1,"116":1,"118":1,"123":1,"124":2,"125":2,"126":3,"127":3,"128":3,"129":3,"130":1,"133":3,"134":3,"139":3,"143":1,"144":3,"145":1,"149":1,"150":1,"158":1,"160":1,"161":1,"162":1,"164":1,"166":1,"258":1,"259":1,"271":1,"274":6,"275":6,"277":1,"279":2,"281":1,"283":2,"288":1,"289":1,"291":1,"296":1,"303":1,"306":1,"307":1,"310":1,"311":1,"313":1,"314":1,"315":1,"316":1,"317":1,"318":1,"319":1,"321":1,"322":1,"324":1}},"/home/travis/build/npmtest/node-npmtest-is-my-json-valid/node_modules/is-my-json-valid/index.js":{"path":"/home/travis/build/npmtest/node-npmtest-is-my-json-valid/node_modules/is-my-json-valid/index.js","s":{"1":1,"2":1,"3":1,"4":1,"5":1,"6":1,"7":0,"8":0,"9":0,"10":0,"11":0,"12":0,"13":0,"14":0,"15":0,"16":0,"17":0,"18":0,"19":0,"20":0,"21":0,"22":0,"23":0,"24":0,"25":0,"26":0,"27":0,"28":0,"29":0,"30":0,"31":0,"32":0,"33":1,"34":0,"35":0,"36":0,"37":0,"38":0,"39":1,"40":1,"41":0,"42":1,"43":0,"44":1,"45":0,"46":1,"47":0,"48":1,"49":0,"50":1,"51":0,"52":1,"53":0,"54":1,"55":0,"56":1,"57":0,"58":0,"59":0,"60":0,"61":0,"62":0,"63":0,"64":1,"65":0,"66":0,"67":0,"68":0,"69":0,"70":0,"71":0,"72":0,"73":0,"74":1,"75":0,"76":0,"77":0,"78":0,"79":0,"80":0,"81":0,"82":0,"83":0,"84":0,"85":0,"86":0,"87":0,"88":0,"89":0,"90":0,"91":0,"92":0,"93":0,"94":0,"95":0,"96":0,"97":0,"98":0,"99":0,"100":0,"101":0,"102":0,"103":0,"104":0,"105":0,"106":0,"107":0,"108":0,"109":0,"110":0,"111":0,"112":0,"113":0,"114":0,"115":0,"116":0,"117":0,"118":0,"119":0,"120":0,"121":0,"122":0,"123":0,"124":0,"125":0,"126":0,"127":0,"128":0,"129":0,"130":0,"131":0,"132":0,"133":0,"134":0,"135":0,"136":0,"137":0,"138":0,"139":0,"140":0,"141":0,"142":0,"143":0,"144":0,"145":0,"146":0,"147":0,"148":0,"149":0,"150":0,"151":0,"152":0,"153":0,"154":0,"155":0,"156":0,"157":0,"158":0,"159":0,"160":0,"161":0,"162":0,"163":0,"164":0,"165":0,"166":0,"167":0,"168":0,"169":0,"170":0,"171":0,"172":0,"173":0,"174":0,"175":0,"176":0,"177":0,"178":0,"179":0,"180":0,"181":0,"182":0,"183":0,"184":0,"185":0,"186":0,"187":0,"188":0,"189":0,"190":0,"191":0,"192":0,"193":0,"194":0,"195":0,"196":0,"197":0,"198":0,"199":0,"200":0,"201":0,"202":0,"203":0,"204":0,"205":0,"206":0,"207":0,"208":0,"209":0,"210":0,"211":0,"212":0,"213":0,"214":0,"215":0,"216":0,"217":0,"218":0,"219":0,"220":0,"221":0,"222":0,"223":0,"224":0,"225":0,"226":0,"227":0,"228":0,"229":0,"230":0,"231":0,"232":0,"233":0,"234":0,"235":0,"236":0,"237":0,"238":0,"239":0,"240":0,"241":0,"242":0,"243":0,"244":0,"245":0,"246":0,"247":0,"248":0,"249":0,"250":0,"251":0,"252":0,"253":0,"254":0,"255":0,"256":0,"257":0,"258":0,"259":0,"260":0,"261":0,"262":0,"263":0,"264":0,"265":0,"266":0,"267":0,"268":0,"269":0,"270":0,"271":0,"272":0,"273":0,"274":0,"275":0,"276":0,"277":0,"278":0,"279":0,"280":0,"281":0,"282":0,"283":0,"284":0,"285":0,"286":0,"287":0,"288":0,"289":0,"290":0,"291":0,"292":0,"293":0,"294":0,"295":0,"296":0,"297":0,"298":0,"299":0,"300":0,"301":0,"302":0,"303":0,"304":0,"305":0,"306":0,"307":0,"308":0,"309":0,"310":0,"311":0,"312":0,"313":0,"314":0,"315":0,"316":0,"317":0,"318":0,"319":0,"320":0,"321":0,"322":0,"323":0,"324":0,"325":0,"326":0,"327":0,"328":0,"329":0,"330":0,"331":0,"332":0,"333":0,"334":0,"335":0,"336":0,"337":0,"338":0,"339":0,"340":0,"341":0,"342":0,"343":0,"344":0,"345":0,"346":0,"347":0,"348":0,"349":0,"350":0,"351":0,"352":0,"353":0,"354":0,"355":0,"356":0,"357":0,"358":0,"359":0,"360":0,"361":0,"362":0,"363":0,"364":0,"365":0,"366":0,"367":0,"368":0,"369":0,"370":0,"371":0,"372":0,"373":0,"374":0,"375":0,"376":0,"377":0,"378":0,"379":0,"380":0,"381":0,"382":0,"383":0,"384":0,"385":0,"386":0,"387":0,"388":0,"389":0,"390":0,"391":0,"392":0,"393":1,"394":0,"395":0,"396":0,"397":1,"398":0,"399":0,"400":0,"401":0},"b":{"1":[0,0],"2":[0,0],"3":[0,0],"4":[0,0],"5":[0,0],"6":[0,0],"7":[0,0],"8":[0,0],"9":[0,0],"10":[0,0],"11":[0,0],"12":[0,0],"13":[0,0],"14":[0,0],"15":[0,0],"16":[0,0],"17":[0,0],"18":[0,0],"19":[0,0],"20":[0,0],"21":[0,0],"22":[0,0],"23":[0,0],"24":[0,0],"25":[0,0],"26":[0,0],"27":[0,0],"28":[0,0],"29":[0,0],"30":[0,0],"31":[0,0],"32":[0,0],"33":[0,0],"34":[0,0],"35":[0,0],"36":[0,0],"37":[0,0],"38":[0,0],"39":[0,0],"40":[0,0],"41":[0,0],"42":[0,0],"43":[0,0],"44":[0,0],"45":[0,0],"46":[0,0],"47":[0,0],"48":[0,0],"49":[0,0],"50":[0,0],"51":[0,0],"52":[0,0],"53":[0,0],"54":[0,0],"55":[0,0],"56":[0,0],"57":[0,0],"58":[0,0],"59":[0,0],"60":[0,0],"61":[0,0],"62":[0,0],"63":[0,0],"64":[0,0],"65":[0,0],"66":[0,0],"67":[0,0],"68":[0,0],"69":[0,0],"70":[0,0,0],"71":[0,0],"72":[0,0],"73":[0,0],"74":[0,0],"75":[0,0],"76":[0,0],"77":[0,0],"78":[0,0],"79":[0,0],"80":[0,0],"81":[0,0],"82":[0,0],"83":[0,0],"84":[0,0],"85":[0,0],"86":[0,0],"87":[0,0],"88":[0,0],"89":[0,0],"90":[0,0],"91":[0,0],"92":[0,0],"93":[0,0],"94":[0,0],"95":[0,0],"96":[0,0],"97":[0,0],"98":[0,0],"99":[0,0],"100":[0,0],"101":[0,0],"102":[0,0],"103":[0,0],"104":[0,0],"105":[0,0],"106":[0,0],"107":[0,0],"108":[0,0],"109":[0,0],"110":[0,0],"111":[0,0],"112":[0,0],"113":[0,0],"114":[0,0],"115":[0,0],"116":[0,0],"117":[0,0],"118":[0,0],"119":[0,0],"120":[0,0],"121":[0,0],"122":[0,0],"123":[0,0],"124":[0,0],"125":[0,0],"126":[0,0],"127":[0,0],"128":[0,0],"129":[0,0],"130":[0,0],"131":[0,0],"132":[0,0],"133":[0,0],"134":[0,0]},"f":{"1":0,"2":0,"3":0,"4":0,"5":0,"6":0,"7":0,"8":0,"9":0,"10":0,"11":0,"12":0,"13":0,"14":0,"15":0,"16":0,"17":0,"18":0,"19":0,"20":0,"21":0,"22":0,"23":0,"24":0,"25":0,"26":0,"27":0,"28":0,"29":0,"30":0,"31":0,"32":0,"33":0,"34":0,"35":0,"36":0,"37":0,"38":0,"39":0,"40":0,"41":0,"42":0,"43":0},"fnMap":{"1":{"name":"(anonymous_1)","line":7,"loc":{"start":{"line":7,"column":10},"end":{"line":7,"column":48}}},"2":{"name":"(anonymous_2)","line":9,"loc":{"start":{"line":9,"column":14},"end":{"line":9,"column":28}}},"3":{"name":"(anonymous_3)","line":12,"loc":{"start":{"line":12,"column":35},"end":{"line":12,"column":52}}},"4":{"name":"(anonymous_4)","line":48,"loc":{"start":{"line":48,"column":17},"end":{"line":48,"column":33}}},"5":{"name":"(anonymous_5)","line":57,"loc":{"start":{"line":57,"column":12},"end":{"line":57,"column":23}}},"6":{"name":"(anonymous_6)","line":61,"loc":{"start":{"line":61,"column":13},"end":{"line":61,"column":28}}},"7":{"name":"(anonymous_7)","line":65,"loc":{"start":{"line":65,"column":16},"end":{"line":65,"column":31}}},"8":{"name":"(anonymous_8)","line":69,"loc":{"start":{"line":69,"column":14},"end":{"line":69,"column":29}}},"9":{"name":"(anonymous_9)","line":73,"loc":{"start":{"line":73,"column":15},"end":{"line":73,"column":30}}},"10":{"name":"(anonymous_10)","line":77,"loc":{"start":{"line":77,"column":15},"end":{"line":77,"column":30}}},"11":{"name":"(anonymous_11)","line":81,"loc":{"start":{"line":81,"column":16},"end":{"line":81,"column":31}}},"12":{"name":"(anonymous_12)","line":85,"loc":{"start":{"line":85,"column":15},"end":{"line":85,"column":30}}},"13":{"name":"(anonymous_13)","line":89,"loc":{"start":{"line":89,"column":13},"end":{"line":89,"column":29}}},"14":{"name":"(anonymous_14)","line":100,"loc":{"start":{"line":100,"column":19},"end":{"line":100,"column":46}}},"15":{"name":"(anonymous_15)","line":112,"loc":{"start":{"line":112,"column":14},"end":{"line":112,"column":60}}},"16":{"name":"(anonymous_16)","line":120,"loc":{"start":{"line":120,"column":15},"end":{"line":120,"column":30}}},"17":{"name":"(anonymous_17)","line":125,"loc":{"start":{"line":125,"column":17},"end":{"line":125,"column":29}}},"18":{"name":"(anonymous_18)","line":134,"loc":{"start":{"line":134,"column":16},"end":{"line":134,"column":27}}},"19":{"name":"(anonymous_19)","line":140,"loc":{"start":{"line":140,"column":14},"end":{"line":140,"column":53}}},"20":{"name":"(anonymous_20)","line":147,"loc":{"start":{"line":147,"column":25},"end":{"line":147,"column":43}}},"21":{"name":"(anonymous_21)","line":155,"loc":{"start":{"line":155,"column":16},"end":{"line":155,"column":43}}},"22":{"name":"(anonymous_22)","line":178,"loc":{"start":{"line":178,"column":11},"end":{"line":178,"column":23}}},"23":{"name":"(anonymous_23)","line":220,"loc":{"start":{"line":220,"column":26},"end":{"line":220,"column":41}}},"24":{"name":"(anonymous_24)","line":246,"loc":{"start":{"line":246,"column":35},"end":{"line":246,"column":47}}},"25":{"name":"(anonymous_25)","line":251,"loc":{"start":{"line":251,"column":8},"end":{"line":251,"column":20}}},"26":{"name":"(anonymous_26)","line":254,"loc":{"start":{"line":254,"column":8},"end":{"line":254,"column":20}}},"27":{"name":"(anonymous_27)","line":266,"loc":{"start":{"line":266,"column":45},"end":{"line":266,"column":59}}},"28":{"name":"(anonymous_28)","line":270,"loc":{"start":{"line":270,"column":21},"end":{"line":270,"column":33}}},"29":{"name":"(anonymous_29)","line":295,"loc":{"start":{"line":295,"column":22},"end":{"line":295,"column":34}}},"30":{"name":"(anonymous_30)","line":299,"loc":{"start":{"line":299,"column":19},"end":{"line":299,"column":31}}},"31":{"name":"proxy","line":330,"loc":{"start":{"line":330,"column":29},"end":{"line":330,"column":50}}},"32":{"name":"(anonymous_32)","line":373,"loc":{"start":{"line":373,"column":50},"end":{"line":373,"column":64}}},"33":{"name":"(anonymous_33)","line":394,"loc":{"start":{"line":394,"column":25},"end":{"line":394,"column":39}}},"34":{"name":"(anonymous_34)","line":402,"loc":{"start":{"line":402,"column":25},"end":{"line":402,"column":42}}},"35":{"name":"(anonymous_35)","line":411,"loc":{"start":{"line":411,"column":25},"end":{"line":411,"column":42}}},"36":{"name":"(anonymous_36)","line":427,"loc":{"start":{"line":427,"column":25},"end":{"line":427,"column":42}}},"37":{"name":"(anonymous_37)","line":533,"loc":{"start":{"line":533,"column":38},"end":{"line":533,"column":50}}},"38":{"name":"(anonymous_38)","line":563,"loc":{"start":{"line":563,"column":11},"end":{"line":563,"column":22}}},"39":{"name":"(anonymous_39)","line":565,"loc":{"start":{"line":565,"column":35},"end":{"line":565,"column":49}}},"40":{"name":"(anonymous_40)","line":572,"loc":{"start":{"line":572,"column":20},"end":{"line":572,"column":31}}},"41":{"name":"(anonymous_41)","line":579,"loc":{"start":{"line":579,"column":17},"end":{"line":579,"column":40}}},"42":{"name":"(anonymous_42)","line":584,"loc":{"start":{"line":584,"column":24},"end":{"line":584,"column":47}}},"43":{"name":"(anonymous_43)","line":586,"loc":{"start":{"line":586,"column":9},"end":{"line":586,"column":23}}}},"statementMap":{"1":{"start":{"line":1,"column":0},"end":{"line":1,"column":48}},"2":{"start":{"line":2,"column":0},"end":{"line":2,"column":41}},"3":{"start":{"line":3,"column":0},"end":{"line":3,"column":40}},"4":{"start":{"line":4,"column":0},"end":{"line":4,"column":28}},"5":{"start":{"line":5,"column":0},"end":{"line":5,"column":34}},"6":{"start":{"line":7,"column":0},"end":{"line":46,"column":1}},"7":{"start":{"line":9,"column":2},"end":{"line":15,"column":3}},"8":{"start":{"line":10,"column":4},"end":{"line":10,"column":41}},"9":{"start":{"line":10,"column":31},"end":{"line":10,"column":41}},"10":{"start":{"line":11,"column":4},"end":{"line":11,"column":52}},"11":{"start":{"line":11,"column":41},"end":{"line":11,"column":52}},"12":{"start":{"line":12,"column":4},"end":{"line":14,"column":12}},"13":{"start":{"line":13,"column":6},"end":{"line":13,"column":33}},"14":{"start":{"line":17,"column":2},"end":{"line":17,"column":22}},"15":{"start":{"line":18,"column":2},"end":{"line":18,"column":21}},"16":{"start":{"line":18,"column":11},"end":{"line":18,"column":21}},"17":{"start":{"line":20,"column":2},"end":{"line":20,"column":29}},"18":{"start":{"line":21,"column":2},"end":{"line":21,"column":30}},"19":{"start":{"line":23,"column":2},"end":{"line":45,"column":3}},"20":{"start":{"line":24,"column":4},"end":{"line":24,"column":47}},"21":{"start":{"line":26,"column":4},"end":{"line":26,"column":30}},"22":{"start":{"line":27,"column":4},"end":{"line":27,"column":13}},"23":{"start":{"line":29,"column":4},"end":{"line":43,"column":5}},"24":{"start":{"line":31,"column":6},"end":{"line":40,"column":7}},"25":{"start":{"line":32,"column":8},"end":{"line":32,"column":38}},"26":{"start":{"line":34,"column":8},"end":{"line":34,"column":35}},"27":{"start":{"line":35,"column":8},"end":{"line":35,"column":38}},"28":{"start":{"line":36,"column":8},"end":{"line":36,"column":55}},"29":{"start":{"line":37,"column":8},"end":{"line":39,"column":24}},"30":{"start":{"line":38,"column":10},"end":{"line":38,"column":49}},"31":{"start":{"line":42,"column":6},"end":{"line":42,"column":36}},"32":{"start":{"line":44,"column":4},"end":{"line":44,"column":24}},"33":{"start":{"line":48,"column":0},"end":{"line":53,"column":1}},"34":{"start":{"line":49,"column":2},"end":{"line":49,"column":31}},"35":{"start":{"line":50,"column":2},"end":{"line":50,"column":33}},"36":{"start":{"line":51,"column":2},"end":{"line":51,"column":71}},"37":{"start":{"line":51,"column":30},"end":{"line":51,"column":71}},"38":{"start":{"line":52,"column":2},"end":{"line":52,"column":14}},"39":{"start":{"line":55,"column":0},"end":{"line":55,"column":14}},"40":{"start":{"line":57,"column":0},"end":{"line":59,"column":1}},"41":{"start":{"line":58,"column":2},"end":{"line":58,"column":15}},"42":{"start":{"line":61,"column":0},"end":{"line":63,"column":1}},"43":{"start":{"line":62,"column":2},"end":{"line":62,"column":25}},"44":{"start":{"line":65,"column":0},"end":{"line":67,"column":1}},"45":{"start":{"line":66,"column":2},"end":{"line":66,"column":40}},"46":{"start":{"line":69,"column":0},"end":{"line":71,"column":1}},"47":{"start":{"line":70,"column":2},"end":{"line":70,"column":34}},"48":{"start":{"line":73,"column":0},"end":{"line":75,"column":1}},"49":{"start":{"line":74,"column":2},"end":{"line":74,"column":79}},"50":{"start":{"line":77,"column":0},"end":{"line":79,"column":1}},"51":{"start":{"line":78,"column":2},"end":{"line":78,"column":39}},"52":{"start":{"line":81,"column":0},"end":{"line":83,"column":1}},"53":{"start":{"line":82,"column":2},"end":{"line":82,"column":141}},"54":{"start":{"line":85,"column":0},"end":{"line":87,"column":1}},"55":{"start":{"line":86,"column":2},"end":{"line":86,"column":39}},"56":{"start":{"line":89,"column":0},"end":{"line":98,"column":1}},"57":{"start":{"line":90,"column":2},"end":{"line":90,"column":15}},"58":{"start":{"line":91,"column":2},"end":{"line":93,"column":3}},"59":{"start":{"line":92,"column":4},"end":{"line":92,"column":81}},"60":{"start":{"line":94,"column":2},"end":{"line":96,"column":3}},"61":{"start":{"line":95,"column":4},"end":{"line":95,"column":49}},"62":{"start":{"line":95,"column":37},"end":{"line":95,"column":49}},"63":{"start":{"line":97,"column":2},"end":{"line":97,"column":13}},"64":{"start":{"line":100,"column":0},"end":{"line":110,"column":1}},"65":{"start":{"line":101,"column":2},"end":{"line":101,"column":10}},"66":{"start":{"line":102,"column":2},"end":{"line":102,"column":114}},"67":{"start":{"line":103,"column":2},"end":{"line":108,"column":31}},"68":{"start":{"line":104,"column":4},"end":{"line":104,"column":102}},"69":{"start":{"line":105,"column":4},"end":{"line":106,"column":64}},"70":{"start":{"line":105,"column":29},"end":{"line":105,"column":39}},"71":{"start":{"line":106,"column":9},"end":{"line":106,"column":64}},"72":{"start":{"line":108,"column":7},"end":{"line":108,"column":31}},"73":{"start":{"line":109,"column":2},"end":{"line":109,"column":14}},"74":{"start":{"line":112,"column":0},"end":{"line":577,"column":1}},"75":{"start":{"line":113,"column":2},"end":{"line":113,"column":58}},"76":{"start":{"line":114,"column":2},"end":{"line":114,"column":70}},"77":{"start":{"line":115,"column":2},"end":{"line":115,"column":46}},"78":{"start":{"line":116,"column":2},"end":{"line":117,"column":24}},"79":{"start":{"line":119,"column":2},"end":{"line":119,"column":15}},"80":{"start":{"line":120,"column":2},"end":{"line":122,"column":3}},"81":{"start":{"line":121,"column":4},"end":{"line":121,"column":50}},"82":{"start":{"line":124,"column":2},"end":{"line":124,"column":26}},"83":{"start":{"line":125,"column":2},"end":{"line":131,"column":3}},"84":{"start":{"line":126,"column":4},"end":{"line":126,"column":53}},"85":{"start":{"line":126,"column":28},"end":{"line":126,"column":53}},"86":{"start":{"line":127,"column":4},"end":{"line":127,"column":29}},"87":{"start":{"line":128,"column":4},"end":{"line":128,"column":28}},"88":{"start":{"line":129,"column":4},"end":{"line":129,"column":26}},"89":{"start":{"line":130,"column":4},"end":{"line":130,"column":12}},"90":{"start":{"line":133,"column":2},"end":{"line":133,"column":82}},"91":{"start":{"line":134,"column":2},"end":{"line":138,"column":3}},"92":{"start":{"line":135,"column":4},"end":{"line":135,"column":24}},"93":{"start":{"line":136,"column":4},"end":{"line":136,"column":21}},"94":{"start":{"line":137,"column":4},"end":{"line":137,"column":12}},"95":{"start":{"line":140,"column":2},"end":{"line":543,"column":3}},"96":{"start":{"line":141,"column":4},"end":{"line":141,"column":36}},"97":{"start":{"line":142,"column":4},"end":{"line":142,"column":24}},"98":{"start":{"line":143,"column":4},"end":{"line":143,"column":21}},"99":{"start":{"line":145,"column":4},"end":{"line":152,"column":5}},"100":{"start":{"line":146,"column":6},"end":{"line":146,"column":21}},"101":{"start":{"line":147,"column":6},"end":{"line":149,"column":8}},"102":{"start":{"line":148,"column":8},"end":{"line":148,"column":28}},"103":{"start":{"line":150,"column":6},"end":{"line":150,"column":20}},"104":{"start":{"line":151,"column":6},"end":{"line":151,"column":18}},"105":{"start":{"line":154,"column":4},"end":{"line":154,"column":18}},"106":{"start":{"line":155,"column":4},"end":{"line":165,"column":5}},"107":{"start":{"line":156,"column":6},"end":{"line":156,"column":26}},"108":{"start":{"line":157,"column":6},"end":{"line":164,"column":7}},"109":{"start":{"line":158,"column":8},"end":{"line":158,"column":70}},"110":{"start":{"line":159,"column":8},"end":{"line":163,"column":9}},"111":{"start":{"line":160,"column":10},"end":{"line":160,"column":166}},"112":{"start":{"line":162,"column":10},"end":{"line":162,"column":112}},"113":{"start":{"line":167,"column":4},"end":{"line":175,"column":5}},"114":{"start":{"line":168,"column":6},"end":{"line":168,"column":14}},"115":{"start":{"line":169,"column":6},"end":{"line":169,"column":47}},"116":{"start":{"line":170,"column":6},"end":{"line":170,"column":26}},"117":{"start":{"line":171,"column":6},"end":{"line":171,"column":26}},"118":{"start":{"line":173,"column":6},"end":{"line":173,"column":14}},"119":{"start":{"line":174,"column":6},"end":{"line":174,"column":47}},"120":{"start":{"line":177,"column":4},"end":{"line":185,"column":29}},"121":{"start":{"line":179,"column":8},"end":{"line":181,"column":9}},"122":{"start":{"line":180,"column":10},"end":{"line":180,"column":47}},"123":{"start":{"line":183,"column":8},"end":{"line":183,"column":38}},"124":{"start":{"line":187,"column":4},"end":{"line":192,"column":5}},"125":{"start":{"line":188,"column":6},"end":{"line":188,"column":14}},"126":{"start":{"line":189,"column":6},"end":{"line":189,"column":37}},"127":{"start":{"line":190,"column":6},"end":{"line":190,"column":32}},"128":{"start":{"line":191,"column":6},"end":{"line":191,"column":26}},"129":{"start":{"line":194,"column":4},"end":{"line":205,"column":5}},"130":{"start":{"line":195,"column":6},"end":{"line":204,"column":7}},"131":{"start":{"line":196,"column":8},"end":{"line":196,"column":66}},"132":{"start":{"line":197,"column":8},"end":{"line":197,"column":37}},"133":{"start":{"line":198,"column":8},"end":{"line":198,"column":21}},"134":{"start":{"line":199,"column":13},"end":{"line":204,"column":7}},"135":{"start":{"line":200,"column":8},"end":{"line":200,"column":25}},"136":{"start":{"line":201,"column":8},"end":{"line":201,"column":95}},"137":{"start":{"line":202,"column":8},"end":{"line":202,"column":69}},"138":{"start":{"line":203,"column":8},"end":{"line":203,"column":21}},"139":{"start":{"line":207,"column":4},"end":{"line":217,"column":5}},"140":{"start":{"line":208,"column":6},"end":{"line":208,"column":94}},"141":{"start":{"line":208,"column":53},"end":{"line":208,"column":94}},"142":{"start":{"line":209,"column":6},"end":{"line":209,"column":30}},"143":{"start":{"line":210,"column":6},"end":{"line":210,"column":34}},"144":{"start":{"line":212,"column":6},"end":{"line":213,"column":51}},"145":{"start":{"line":212,"column":42},"end":{"line":212,"column":77}},"146":{"start":{"line":213,"column":11},"end":{"line":213,"column":51}},"147":{"start":{"line":214,"column":6},"end":{"line":214,"column":45}},"148":{"start":{"line":215,"column":6},"end":{"line":215,"column":19}},"149":{"start":{"line":216,"column":6},"end":{"line":216,"column":66}},"150":{"start":{"line":216,"column":53},"end":{"line":216,"column":66}},"151":{"start":{"line":219,"column":4},"end":{"line":235,"column":5}},"152":{"start":{"line":220,"column":6},"end":{"line":226,"column":7}},"153":{"start":{"line":221,"column":8},"end":{"line":221,"column":37}},"154":{"start":{"line":222,"column":8},"end":{"line":222,"column":49}},"155":{"start":{"line":223,"column":8},"end":{"line":223,"column":34}},"156":{"start":{"line":224,"column":8},"end":{"line":224,"column":29}},"157":{"start":{"line":225,"column":8},"end":{"line":225,"column":21}},"158":{"start":{"line":227,"column":6},"end":{"line":227,"column":78}},"159":{"start":{"line":228,"column":6},"end":{"line":228,"column":33}},"160":{"start":{"line":229,"column":6},"end":{"line":229,"column":38}},"161":{"start":{"line":230,"column":6},"end":{"line":230,"column":20}},"162":{"start":{"line":231,"column":6},"end":{"line":234,"column":7}},"163":{"start":{"line":232,"column":8},"end":{"line":232,"column":40}},"164":{"start":{"line":233,"column":8},"end":{"line":233,"column":16}},"165":{"start":{"line":237,"column":4},"end":{"line":243,"column":5}},"166":{"start":{"line":238,"column":6},"end":{"line":238,"column":68}},"167":{"start":{"line":238,"column":28},"end":{"line":238,"column":68}},"168":{"start":{"line":239,"column":6},"end":{"line":239,"column":44}},"169":{"start":{"line":240,"column":6},"end":{"line":240,"column":29}},"170":{"start":{"line":241,"column":6},"end":{"line":241,"column":19}},"171":{"start":{"line":242,"column":6},"end":{"line":242,"column":41}},"172":{"start":{"line":242,"column":28},"end":{"line":242,"column":41}},"173":{"start":{"line":245,"column":4},"end":{"line":261,"column":5}},"174":{"start":{"line":246,"column":6},"end":{"line":248,"column":8}},"175":{"start":{"line":247,"column":8},"end":{"line":247,"column":36}},"176":{"start":{"line":250,"column":6},"end":{"line":256,"column":9}},"177":{"start":{"line":252,"column":10},"end":{"line":252,"column":88}},"178":{"start":{"line":255,"column":10},"end":{"line":255,"column":47}},"179":{"start":{"line":258,"column":6},"end":{"line":258,"column":75}},"180":{"start":{"line":259,"column":6},"end":{"line":259,"column":36}},"181":{"start":{"line":260,"column":6},"end":{"line":260,"column":19}},"182":{"start":{"line":263,"column":4},"end":{"line":287,"column":5}},"183":{"start":{"line":264,"column":6},"end":{"line":264,"column":70}},"184":{"start":{"line":264,"column":29},"end":{"line":264,"column":70}},"185":{"start":{"line":266,"column":6},"end":{"line":284,"column":8}},"186":{"start":{"line":267,"column":8},"end":{"line":267,"column":41}},"187":{"start":{"line":268,"column":8},"end":{"line":268,"column":51}},"188":{"start":{"line":268,"column":38},"end":{"line":268,"column":51}},"189":{"start":{"line":270,"column":8},"end":{"line":272,"column":9}},"190":{"start":{"line":271,"column":10},"end":{"line":271,"column":51}},"191":{"start":{"line":274,"column":8},"end":{"line":278,"column":9}},"192":{"start":{"line":275,"column":10},"end":{"line":275,"column":114}},"193":{"start":{"line":276,"column":10},"end":{"line":276,"column":39}},"194":{"start":{"line":277,"column":10},"end":{"line":277,"column":23}},"195":{"start":{"line":279,"column":8},"end":{"line":283,"column":9}},"196":{"start":{"line":280,"column":10},"end":{"line":280,"column":64}},"197":{"start":{"line":281,"column":10},"end":{"line":281,"column":45}},"198":{"start":{"line":282,"column":10},"end":{"line":282,"column":23}},"199":{"start":{"line":286,"column":6},"end":{"line":286,"column":42}},"200":{"start":{"line":286,"column":29},"end":{"line":286,"column":42}},"201":{"start":{"line":289,"column":4},"end":{"line":323,"column":5}},"202":{"start":{"line":290,"column":6},"end":{"line":290,"column":70}},"203":{"start":{"line":290,"column":29},"end":{"line":290,"column":70}},"204":{"start":{"line":292,"column":6},"end":{"line":292,"column":23}},"205":{"start":{"line":293,"column":6},"end":{"line":293,"column":31}},"206":{"start":{"line":295,"column":6},"end":{"line":297,"column":7}},"207":{"start":{"line":296,"column":8},"end":{"line":296,"column":52}},"208":{"start":{"line":299,"column":6},"end":{"line":301,"column":7}},"209":{"start":{"line":300,"column":8},"end":{"line":300,"column":55}},"210":{"start":{"line":303,"column":6},"end":{"line":305,"column":31}},"211":{"start":{"line":307,"column":6},"end":{"line":309,"column":39}},"212":{"start":{"line":311,"column":6},"end":{"line":316,"column":7}},"213":{"start":{"line":312,"column":8},"end":{"line":312,"column":67}},"214":{"start":{"line":312,"column":20},"end":{"line":312,"column":67}},"215":{"start":{"line":313,"column":8},"end":{"line":313,"column":101}},"216":{"start":{"line":315,"column":8},"end":{"line":315,"column":84}},"217":{"start":{"line":318,"column":6},"end":{"line":320,"column":13}},"218":{"start":{"line":322,"column":6},"end":{"line":322,"column":42}},"219":{"start":{"line":322,"column":29},"end":{"line":322,"column":42}},"220":{"start":{"line":325,"column":4},"end":{"line":341,"column":5}},"221":{"start":{"line":326,"column":6},"end":{"line":326,"column":64}},"222":{"start":{"line":327,"column":6},"end":{"line":340,"column":7}},"223":{"start":{"line":328,"column":8},"end":{"line":328,"column":33}},"224":{"start":{"line":329,"column":8},"end":{"line":334,"column":9}},"225":{"start":{"line":330,"column":10},"end":{"line":332,"column":11}},"226":{"start":{"line":331,"column":12},"end":{"line":331,"column":27}},"227":{"start":{"line":333,"column":10},"end":{"line":333,"column":53}},"228":{"start":{"line":335,"column":8},"end":{"line":335,"column":29}},"229":{"start":{"line":336,"column":8},"end":{"line":336,"column":21}},"230":{"start":{"line":337,"column":8},"end":{"line":337,"column":45}},"231":{"start":{"line":338,"column":8},"end":{"line":338,"column":49}},"232":{"start":{"line":339,"column":8},"end":{"line":339,"column":21}},"233":{"start":{"line":343,"column":4},"end":{"line":352,"column":5}},"234":{"start":{"line":344,"column":6},"end":{"line":344,"column":31}},"235":{"start":{"line":345,"column":6},"end":{"line":345,"column":39}},"236":{"start":{"line":346,"column":6},"end":{"line":346,"column":42}},"237":{"start":{"line":347,"column":6},"end":{"line":347,"column":44}},"238":{"start":{"line":348,"column":6},"end":{"line":348,"column":38}},"239":{"start":{"line":349,"column":6},"end":{"line":351,"column":11}},"240":{"start":{"line":354,"column":4},"end":{"line":363,"column":5}},"241":{"start":{"line":355,"column":6},"end":{"line":355,"column":68}},"242":{"start":{"line":355,"column":28},"end":{"line":355,"column":68}},"243":{"start":{"line":357,"column":6},"end":{"line":357,"column":23}},"244":{"start":{"line":358,"column":6},"end":{"line":358,"column":73}},"245":{"start":{"line":359,"column":6},"end":{"line":359,"column":57}},"246":{"start":{"line":360,"column":6},"end":{"line":360,"column":19}},"247":{"start":{"line":362,"column":6},"end":{"line":362,"column":41}},"248":{"start":{"line":362,"column":28},"end":{"line":362,"column":41}},"249":{"start":{"line":365,"column":4},"end":{"line":382,"column":5}},"250":{"start":{"line":366,"column":6},"end":{"line":366,"column":70}},"251":{"start":{"line":366,"column":29},"end":{"line":366,"column":70}},"252":{"start":{"line":367,"column":6},"end":{"line":367,"column":31}},"253":{"start":{"line":368,"column":6},"end":{"line":368,"column":23}},"254":{"start":{"line":369,"column":6},"end":{"line":371,"column":67}},"255":{"start":{"line":373,"column":6},"end":{"line":378,"column":8}},"256":{"start":{"line":374,"column":8},"end":{"line":374,"column":29}},"257":{"start":{"line":375,"column":8},"end":{"line":375,"column":57}},"258":{"start":{"line":376,"column":8},"end":{"line":376,"column":86}},"259":{"start":{"line":377,"column":8},"end":{"line":377,"column":21}},"260":{"start":{"line":380,"column":6},"end":{"line":380,"column":19}},"261":{"start":{"line":381,"column":6},"end":{"line":381,"column":42}},"262":{"start":{"line":381,"column":29},"end":{"line":381,"column":42}},"263":{"start":{"line":384,"column":4},"end":{"line":391,"column":5}},"264":{"start":{"line":385,"column":6},"end":{"line":385,"column":36}},"265":{"start":{"line":386,"column":6},"end":{"line":386,"column":70}},"266":{"start":{"line":386,"column":29},"end":{"line":386,"column":70}},"267":{"start":{"line":387,"column":6},"end":{"line":387,"column":48}},"268":{"start":{"line":388,"column":6},"end":{"line":388,"column":31}},"269":{"start":{"line":389,"column":6},"end":{"line":389,"column":19}},"270":{"start":{"line":390,"column":6},"end":{"line":390,"column":42}},"271":{"start":{"line":390,"column":29},"end":{"line":390,"column":42}},"272":{"start":{"line":393,"column":4},"end":{"line":397,"column":5}},"273":{"start":{"line":394,"column":6},"end":{"line":396,"column":8}},"274":{"start":{"line":395,"column":8},"end":{"line":395,"column":42}},"275":{"start":{"line":399,"column":4},"end":{"line":417,"column":5}},"276":{"start":{"line":400,"column":6},"end":{"line":400,"column":31}},"277":{"start":{"line":402,"column":6},"end":{"line":410,"column":8}},"278":{"start":{"line":403,"column":8},"end":{"line":408,"column":9}},"279":{"start":{"line":404,"column":10},"end":{"line":404,"column":43}},"280":{"start":{"line":406,"column":10},"end":{"line":407,"column":33}},"281":{"start":{"line":409,"column":8},"end":{"line":409,"column":38}},"282":{"start":{"line":411,"column":6},"end":{"line":413,"column":8}},"283":{"start":{"line":412,"column":8},"end":{"line":412,"column":28}},"284":{"sta
[...]
s.array(name))","      validate('if (!(unique(%s))) {', name)","      error('must be unique')","      validate('}')","      if (type !== 'array') validate('}')","    }","","    if (node.enum) {","      var complex = node.enum.some(function(e) {","        return typeof e === 'object'","      })","","      var compare = complex ?","        function(e) {","          return 'JSON.stringify('+name+')'+' !== JSON.stringify('+JSON.stringify(e)+')'","        } :","        function(e) {","          return name+' !== '+JSON.stringify(e)","        }","","      validate('if (%s) {', node.enum.map(compare).join(' && ') || 'false')","      error('must be an enum value')","      validate('}')","    }","","    if (node.dependencies) {","      if (type !== 'object') validate('if (%s) {', types.object(name))","","      Object.keys(node.dependencies).forEach(function(key) {","        var deps = node.dependencies[key]","        if (typeof deps === 'string') deps = [deps]","","        var exists = function(k) {","          return genobj(name, k) + ' !== undefined'","        }","","        if (Array.isArray(deps)) {","          validate('if (%s !== undefined && !(%s)) {', genobj(name, key), deps.map(exists).join(' && ') || 'true')","          error('dependencies not set')","          validate('}')","        }","        if (typeof deps === 'object') {","          validate('if (%s !== undefined) {', genobj(name, key))","          visit(name, deps, reporter, filter)","          validate('}')","        }","      })","","      if (type !== 'object') validate('}')","    }","","    if (node.additionalProperties || node.additionalProperties === false) {","      if (type !== 'object') validate('if (%s) {', types.object(name))","","      var i = genloop()","      var keys = gensym('keys')","","      var toCompare = function(p) {","        return keys+'['+i+'] !== '+JSON.stringify(p)","      }","","      var toTest = function(p) {","        return '!'+patterns(p)+'.test('+keys+'['+i+'])'","      }","","      var additionalProp = Object.keys(properties || {}).map(toCompare)","        .concat(Object.keys(node.patternProperties || {}).map(toTest))","        .join(' && ') || 'true'","","      validate('var %s = Object.keys(%s)', keys, name)","        ('for (var %s = 0; %s < %s.length; %s++) {', i, i, keys, i)","          ('if (%s) {', additionalProp)","","      if (node.additionalProperties === false) {","        if (filter) validate('delete %s', name+'['+keys+'['+i+']]')","        error('has additional properties', null, JSON.stringify(name+'.') + ' + ' + keys + '['+i+']')","      } else {","        visit(name+'['+keys+'['+i+']]', node.additionalProperties, reporter, filter)","      }","","      validate","          ('}')","        ('}')","","      if (type !== 'object') validate('}')","    }","","    if (node.$ref) {","      var sub = get(root, opts && opts.schemas || {}, node.$ref)","      if (sub) {","        var fn = cache[node.$ref]","        if (!fn) {","          cache[node.$ref] = function proxy(data) {","            return fn(data)","          }","          fn = compile(sub, cache, root, false, opts)","        }","        var n = gensym('ref')","        scope[n] = fn","        validate('if (!(%s(%s))) {', n, name)","        error('referenced schema does not match')","        validate('}')","      }","    }","","    if (node.not) {","      var prev = gensym('prev')","      validate('var %s = errors', prev)","      visit(name, node.not, false, filter)","      validate('if (%s === errors) {', prev)","      error('negative schema matches')","      validate('} else {')","        ('errors = %s', prev)","      ('}')","    }","","    if (node.items && !tuple) {","      if (type !== 'array') validate('if (%s) {', types.array(name))","","      var i = genloop()","      validate('for (var %s = 0; %s < %s.length; %s++) {', i, i, name, i)","      visit(name+'['+i+']', node.items, reporter, filter)","      validate('}')","","      if (type !== 'array') validate('}')","    }","","    if (node.patternProperties) {","      if (type !== 'object') validate('if (%s) {', types.object(name))","      var keys = gensym('keys')","      var i = genloop()","      validate","        ('var %s = Object.keys(%s)', keys, name)","        ('for (var %s = 0; %s < %s.length; %s++) {', i, i, keys, i)","","      Object.keys(node.patternProperties).forEach(function(key) {","        var p = patterns(key)","        validate('if (%s.test(%s)) {', p, keys+'['+i+']')","        visit(name+'['+keys+'['+i+']]', node.patternProperties[key], reporter, filter)","        validate('}')","      })","","      validate('}')","      if (type !== 'object') validate('}')","    }","","    if (node.pattern) {","      var p = patterns(node.pattern)","      if (type !== 'string') validate('if (%s) {', types.string(name))","      validate('if (!(%s.test(%s))) {', p, name)","      error('pattern mismatch')","      validate('}')","      if (type !== 'string') validate('}')","    }","","    if (node.allOf) {","      node.allOf.forEach(function(sch) {","        visit(name, sch, reporter, filter)","      })","    }","","    if (node.anyOf && node.anyOf.length) {","      var prev = gensym('prev')","","      node.anyOf.forEach(function(sch, i) {","        if (i === 0) {","          validate('var %s = errors', prev)","        } else {","          validate('if (errors !== %s) {', prev)","            ('errors = %s', prev)","        }","        visit(name, sch, false, false)","      })","      node.anyOf.forEach(function(sch, i) {","        if (i) validate('}')","      })","      validate('if (%s !== errors) {', prev)","      error('no schemas match')","      validate('}')","    }","","    if (node.oneOf && node.oneOf.length) {","      var prev = gensym('prev')","      var passes = gensym('passes')","","      validate","        ('var %s = errors', prev)","        ('var %s = 0', passes)","","      node.oneOf.forEach(function(sch, i) {","        visit(name, sch, false, false)","        validate('if (%s === errors) {', prev)","          ('%s++', passes)","        ('} else {')","          ('errors = %s', prev)","        ('}')","      })","","      validate('if (%s !== 1) {', passes)","      error('no (or more than one) schemas match')","      validate('}')","    }","","    if (node.multipleOf !== undefined) {","      if (type !== 'number' && type !== 'integer') validate('if (%s) {', types.number(name))","","      validate('if (!isMultipleOf(%s, %d)) {', name, node.multipleOf)","","      error('has a remainder')","      validate('}')","","      if (type !== 'number' && type !== 'integer') validate('}')","    }","","    if (node.maxProperties !== undefined) {","      if (type !== 'object') validate('if (%s) {', types.object(name))","","      validate('if (Object.keys(%s).length > %d) {', name, node.maxProperties)","      error('has more properties than allowed')","      validate('}')","","      if (type !== 'object') validate('}')","    }","","    if (node.minProperties !== undefined) {","      if (type !== 'object') validate('if (%s) {', types.object(name))","","      validate('if (Object.keys(%s).length < %d) {', name, node.minProperties)","      error('has less properties than allowed')","      validate('}')","","      if (type !== 'object') validate('}')","    }","","    if (node.maxItems !== undefined) {","      if (type !== 'array') validate('if (%s) {', types.array(name))","","      validate('if (%s.length > %d) {', name, node.maxItems)","      error('has more items than allowed')","      validate('}')","","      if (type !== 'array') validate('}')","    }","","    if (node.minItems !== undefined) {","      if (type !== 'array') validate('if (%s) {', types.array(name))","","      validate('if (%s.length < %d) {', name, node.minItems)","      error('has less items than allowed')","      validate('}')","","      if (type !== 'array') validate('}')","    }","","    if (node.maxLength !== undefined) {","      if (type !== 'string') validate('if (%s) {', types.string(name))","","      validate('if (%s.length > %d) {', name, node.maxLength)","      error('has longer length than allowed')","      validate('}')","","      if (type !== 'string') validate('}')","    }","","    if (node.minLength !== undefined) {","      if (type !== 'string') validate('if (%s) {', types.string(name))","","      validate('if (%s.length < %d) {', name, node.minLength)","      error('has less length than allowed')","      validate('}')","","      if (type !== 'string') validate('}')","    }","","    if (node.minimum !== undefined) {","      if (type !== 'number' && type !== 'integer') validate('if (%s) {', types.number(name))","","      validate('if (%s %s %d) {', name, node.exclusiveMinimum ? '<=' : '<', node.minimum)","      error('is less than minimum')","      validate('}')","","      if (type !== 'number' && type !== 'integer') validate('}')","    }","","    if (node.maximum !== undefined) {","      if (type !== 'number' && type !== 'integer') validate('if (%s) {', types.number(name))","","      validate('if (%s %s %d) {', name, node.exclusiveMaximum ? '>=' : '>', node.maximum)","      error('is more than maximum')","      validate('}')","","      if (type !== 'number' && type !== 'integer') validate('}')","    }","","    if (properties) {","      Object.keys(properties).forEach(function(p) {","        if (Array.isArray(type) && type.indexOf('null') !== -1) validate('if (%s !== null) {', name)","","        visit(genobj(name, p), properties[p], reporter, filter)","","        if (Array.isArray(type) && type.indexOf('null') !== -1) validate('}')","      })","    }","","    while (indent--) validate('}')","  }","","  var validate = genfun","    ('function validate(data) {')","      // Since undefined is not a valid JSON value, we coerce to null and other checks will catch this","      ('if (data === undefined) data = null')","      ('validate.errors = null')","      ('var errors = 0')","","  visit('data', schema, reporter, opts && opts.filter)","","  validate","      ('return errors === 0')","    ('}')","","  validate = validate.toFunction(scope)","  validate.errors = null","","  if (Object.defineProperty) {","    Object.defineProperty(validate, 'error', {","      get: function() {","        if (!validate.errors) return ''","        return validate.errors.map(function(err) {","          return err.field + ' ' + err.message;","        }).join('\\n')","      }","    })","  }","","  validate.toJSON = function() {","    return schema","  }","","  return validate","}","","module.exports = function(schema, opts) {","  if (typeof schema === 'string') schema = JSON.parse(schema)","  return compile(schema, {}, schema, true, opts)","}","","module.exports.filter = function(schema, opts) {","  var validate = module.exports(schema, xtend(opts, {filter: true}))","  return function(sch) {","    validate(sch)","    return sch","  }","}",""],"l":{"1":1,"2":1,"3":1,"4":1,"5":1,"7":1,"9":0,"10":0,"11":0,"12":0,"13":0,"17":0,"18":0,"20":0,"21":0,"23":0,"24":0,"26":0,"27":0,"29":0,"31":0,"32":0,"34":0,"35":0,"36":0,"37":0,"38":0,"42":0,"44":0,"48":1,"49":0,"50":0,"51":0,"52":0,"55":1,"57":1,"58":0,"61":1,"62":0,"65":1,"66":0,"69":1,"70":0,"73":1,"74":0,"77":1,"78":0,"81":1,"82":0,"85":1,"86":0,"89":1,"90":0,"91":0,"92":0,"94":0,"95":0,"97":0,"100":1,"101":0,"102":0,"103":0,"104":0,"105":0,"106":0,"108":0,"109":0,"112":1,"113":0,"114":0,"115":0,"116":0,"119":0,"120":0,"121":0,"124":0,"125":0,"126":0,"127":0,"128":0,"129":0,"130":0,"133":0,"134":0,"135":0,"136":0,"137":0,"140":0,"141":0,"142":0,"143":0,"145":0,"146":0,"147":0,"148":0,"150":0,"151":0,"154":0,"155":0,"156":0,"157":0,"158":0,"159":0,"160":0,"162":0,"167":0,"168":0,"169":0,"170":0,"171":0,"173":0,"174":0,"177":0,"179":0,"180":0,"183":0,"187":0,"188":0,"189":0,"190":0,"191":0,"194":0,"195":0,"196":0,"197":0,"198":0,"199":0,"200":0,"201":0,"202":0,"203":0,"207":0,"208":0,"209":0,"210":0,"212":0,"213":0,"214":0,"215":0,"216":0,"219":0,"220":0,"221":0,"222":0,"223":0,"224":0,"225":0,"227":0,"228":0,"229":0,"230":0,"231":0,"232":0,"233":0,"237":0,"238":0,"239":0,"240":0,"241":0,"242":0,"245":0,"246":0,"247":0,"250":0,"252":0,"255":0,"258":0,"259":0,"260":0,"263":0,"264":0,"266":0,"267":0,"268":0,"270":0,"271":0,"274":0,"275":0,"276":0,"277":0,"279":0,"280":0,"281":0,"282":0,"286":0,"289":0,"290":0,"292":0,"293":0,"295":0,"296":0,"299":0,"300":0,"303":0,"307":0,"311":0,"312":0,"313":0,"315":0,"318":0,"322":0,"325":0,"326":0,"327":0,"328":0,"329":0,"330":0,"331":0,"333":0,"335":0,"336":0,"337":0,"338":0,"339":0,"343":0,"344":0,"345":0,"346":0,"347":0,"348":0,"349":0,"354":0,"355":0,"357":0,"358":0,"359":0,"360":0,"362":0,"365":0,"366":0,"367":0,"368":0,"369":0,"373":0,"374":0,"375":0,"376":0,"377":0,"380":0,"381":0,"384":0,"385":0,"386":0,"387":0,"388":0,"389":0,"390":0,"393":0,"394":0,"395":0,"399":0,"400":0,"402":0,"403":0,"404":0,"406":0,"409":0,"411":0,"412":0,"414":0,"415":0,"416":0,"419":0,"420":0,"421":0,"423":0,"427":0,"428":0,"429":0,"436":0,"437":0,"438":0,"441":0,"442":0,"444":0,"446":0,"447":0,"449":0,"452":0,"453":0,"455":0,"456":0,"457":0,"459":0,"462":0,"463":0,"465":0,"466":0,"467":0,"469":0,"472":0,"473":0,"475":0,"476":0,"477":0,"479":0,"482":0,"483":0,"485":0,"486":0,"487":0,"489":0,"492":0,"493":0,"495":0,"496":0,"497":0,"499":0,"502":0,"503":0,"505":0,"506":0,"507":0,"509":0,"512":0,"513":0,"515":0,"516":0,"517":0,"519":0,"522":0,"523":0,"525":0,"526":0,"527":0,"529":0,"532":0,"533":0,"534":0,"536":0,"538":0,"542":0,"545":0,"552":0,"554":0,"558":0,"559":0,"561":0,"562":0,"564":0,"565":0,"566":0,"572":0,"573":0,"576":0,"579":1,"580":0,"581":0,"584":1,"585":0,"586":0,"587":0,"588":0}},"/home/travis/build/npmtest/node-npmtest-is-my-json-valid/node_modules/is-my-json-valid/formats.js":{"path":"/home/travis/build/npmtest/node-npmtest-is-my-json-valid/node_modules/is-my-json-valid/formats.js","s":{"1":1,"2":1,"3":1,"4":1,"5":1,"6":1,"7":1,"8":1,"9":1,"10":1,"11":1,"12":1,"13":1,"14":1},"b":{},"f":{},"fnMap":{},"statementMap":{"1":{"start":{"line":1,"column":0},"end":{"line":1,"column":117}},"2":{"start":{"line":2,"column":0},"end":{"line":2,"column":60}},"3":{"start":{"line":3,"column":0},"end":{"line":3,"column":39}},"4":{"start":{"line":4,"column":0},"end":{"line":4,"column":30}},"5":{"start":{"line":5,"column":0},"end":{"line":5,"column":135}},"6":{"start":{"line":6,"column":0},"end":{"line":6,"column":1099}},"7":{"start":{"line":7,"column":0},"end":{"line":7,"column":51}},"8":{"start":{"line":8,"column":0},"end":{"line":8,"column":444}},"9":{"start":{"line":9,"column":0},"end":{"line":9,"column":141}},"10":{"start":{"line":10,"column":0},"end":{"line":10,"column":32}},"11":{"start":{"line":11,"column":0},"end":{"line":11,"column":42}},"12":{"start":{"line":12,"column":0},"end":{"line":12,"column":43}},"13":{"start":{"line":13,"column":0},"end":{"line":13,"column":47}},"14":{"start":{"line":14,"column":0},"end":{"line":14,"column":55}}},"branchMap":{},"code":["exports['date-time'] = /^\\d{4}-(?:0[0-9]{1}|1[0-2]{1})-[0-9]{2}[tT ]\\d{2}:\\d{2}:\\d{2}(\\.\\d+)?([zZ]|[+-]\\d{2}:\\d{2})$/","exports['date'] = /^\\d{4}-(?:0[0-9]{1}|1[0-2]{1})-[0-9]{2}$/","exports['time'] = /^\\d{2}:\\d{2}:\\d{2}$/","exports['email'] = /^\\S+@\\S+$/","exports['ip-address'] = exports['ipv4'] = /^(?:(?:25[0-5]|2[0-4][0-9]|[01]?[0-9][0-9]?)\\.){3}(?:25[0-5]|2[0-4][0-9]|[01]?[0-9][0-9]?)$/","exports['ipv6'] = /^\\s*((([0-9A-Fa-f]{1,4}:){7}([0-9A-Fa-f]{1,4}|:))|(([0-9A-Fa-f]{1,4}:){6}(:[0-9A-Fa-f]{1,4}|((25[0-5]|2[0-4]\\d|1\\d\\d|[1-9]?\\d)(\\.(25[0-5]|2[0-4]\\d|1\\d\\d|[1-9]?\\d)){3})|:))|(([0-9A-Fa-f]{1,4}:){5}(((:[0-9A-Fa-f]{1,4}){1,2})|:((25[0-5]|2[0-4]\\d|1\\d\\d|[1-9]?\\d)(\\.(25[0-5]|2[0-4]\\d|1\\d\\d|[1-9]?\\d)){3})|:))|(([0-9A-Fa-f]{1,4}:){4}(((:[0-9A-Fa-f]{1,4}){1,3})|((:[0-9A-Fa-f]{1,4})?:((25[0-5]|2[0-4]\\d|1\\d\\d|[1-9]?\\d)(\\.(25[0-5]|2[0-4]\\d|1\\d\\d|[1-9]?\\d)){3}))|:))|(([0-9A-Fa-f]{1,4}:){3}(((:[0-9A-Fa-f]{1,4}){1,4})|((:[0-9A-Fa-f]{1,4}){0,2}:((25[0-5]|2[0-4]\\d|1\\d\\d|[1-9]?\\d)(\\.(25[0-5]|2[0-4]\\d|1\\d\\d|[1-9]?\\d)){3}))|:))|(([0-9A-Fa-f]{1,4}:){2}(((:[0-9A-Fa-f]{1,4}){1,5})|((:[0-9A-Fa-f]{1,4}){0,3}:((25[0-5]|2[0-4]\\d|1\\d\\d|[1-9]?\\d)(\\.(25[0-5]|2[0-4]\\d|1\\d\\d|[1-9]?\\d)){3}))|:))|(([0-9A-Fa-f]{1,4}:){1}(((:[0-9A-Fa-f]{1,4}){1,6})|((:[0-9A-Fa-f]{1,4}){0,4}:((25[0-5]|2[0-4]\\d|1\\d\\d|[1-9]?\\d)(\\.(25[0-5]|2[0-4]\\d|1\\d\\d|[1-9]?\\d)){3}))|:))|(:(((:[0-9A-Fa-f]{1,4}){1,7})|((:[0-9A-Fa-f]{1,4}){0,5}:((25[0-5]|2[0-4]\\d|1\\d\\d|[1-9]?\\d)(\\.(25[0-5]|2[0-4]\\d|1\\d\\d|[1-9]?\\d)){3}))|:)))(%.+)?\\s*$/","exports['uri'] = /^[a-zA-Z][a-zA-Z0-9+-.]*:[^\\s]*$/","exports['color'] = /(#?([0-9A-Fa-f]{3,6})\\b)|(aqua)|(black)|(blue)|(fuchsia)|(gray)|(green)|(lime)|(maroon)|(navy)|(olive)|(orange)|(purple)|(red)|(silver)|(teal)|(white)|(yellow)|(rgb\\(\\s*\\b([0-9]|[1-9][0-9]|1[0-9][0-9]|2[0-4][0-9]|25[0-5])\\b\\s*,\\s*\\b([0-9]|[1-9][0-9]|1[0-9][0-9]|2[0-4][0-9]|25[0-5])\\b\\s*,\\s*\\b([0-9]|[1-9][0-9]|1[0-9][0-9]|2[0-4][0-9]|25[0-5])\\b\\s*\\))|(rgb\\(\\s*(\\d?\\d%|100%)+\\s*,\\s*(\\d?\\d%|100%)+\\s*,\\s*(\\d?\\d%|100%)+\\s*\\))/","exports['hostname'] = /^([a-zA-Z0-9]|[a-zA-Z0-9][a-zA-Z0-9\\-]{0,61}[a-zA-Z0-9])(\\.([a-zA-Z0-9]|[a-zA-Z0-9][a-zA-Z0-9\\-]{0,61}[a-zA-Z0-9]))*$/","exports['alpha'] = /^[a-zA-Z]+$/","exports['alphanumeric'] = /^[a-zA-Z0-9]+$/","exports['style'] = /\\s*(.+?):\\s*([^;]+);?/g","exports['phone'] = /^\\+(?:[0-9] ?){6,14}[0-9]$/","exports['utc-millisec'] = /^[0-9]{1,15}\\.?[0-9]{0,15}$/",""],"l":{"1":1,"2":1,"3":1,"4":1,"5":1,"6":1,"7":1,"8":1,"9":1,"10":1,"11":1,"12":1,"13":1,"14":1}},"/home/travis/build/npmtest/node-npmtest-is-my-json-valid/node_modules/is-my-json-valid/require.js":{"path":"/home/travis/build/npmtest/node-npmtest-is-my-json-valid/node_modules/is-my-json-valid/require.js","s":{"1":2,"2":2,"3":2,"4":2,"5":2,"6":0,"7":0,"8":0,"9":0,"10":0,"11":0},"b":{"1":[0,0],"2":[0,0],"3":[0,0],"4":[0,0]},"f":{"1":0},"fnMap":{"1":{"name":"(anonymous_1)","line":7,"loc":{"start":{"line":7,"column":17},"end":{"line":7,"column":38}}}},"statementMap":{"1":{"start":{"line":1,"column":0},"end":{"line":1,"column":22}},"2":{"start":{"line":2,"column":0},"end":{"line":2,"column":26}},"3":{"start":{"line":3,"column":0},"end":{"line":3,"column":27}},"4":{"start":{"line":5,"column":0},"end":{"line":5,"column":49}},"5":{"start":{"line":7,"column":0},"end":{"line":12,"column":1}},"6":{"start":{"line":8,"column":2},"end":{"line":8,"column":62}},"7":{"start":{"line":9,"column":2},"end":{"line":9,"column":78}},"8":{"start":{"line":9,"column":61},"end":{"line":9,"column":78}},"9":{"start":{"line":10,"column":2},"end":{"line":10,"column":74}},"10":{"start":{"line":10,"column":59},"end":{"line":10,"column":74}},"11":{"start":{"line":11,"column":2},"end":{"line":11,"column":54}}},"branchMap":{"1":{"line":9,"type":"if","locations":[{"start":{"line":9,"column":2},"end":{"line":9,"column":2}},{"start":{"line":9,"column":2},"end":{"line":9,"column":2}}]},"2":{"line":9,"type":"binary-expr","locations":[{"start":{"line":9,"column":6},"end":{"line":9,"column":26}},{"start":{"line":9,"column":30},"end":{"line":9,"column":59}}]},"3":{"line":10,"type":"if","locations":[{"start":{"line":10,"column":2},"end":{"line":10,"column":2}},{"start":{"line":10,"column":2},"end":{"line":10,"column":2}}]},"4":{"line":10,"type":"binary-expr","locations":[{"start":{"line":10,"column":6},"end":{"line":10,"column":26}},{"start":{"line":10,"column":30},"end":{"line":10,"column":57}}]}},"code":["var fs = require('fs')","var path = require('path')","var compile = require('./')","","delete require.cache[require.resolve(__filename)]","","module.exports = function(file, opts) {","  file = path.join(path.dirname(module.parent.filename), file)","  if (!fs.existsSync(file) && fs.existsSync(file+'.schema')) file += '.schema'","  if (!fs.existsSync(file) && fs.existsSync(file+'.json')) file += '.json'","  return compile(fs.readFileSync(file, 'utf-8'), opts)","}",""],"l":{"1":2,"2":2,"3":2,"5":2,"7":2,"8":0,"9":0,"10":0,"11":0}}}